22/10/2020 | 13/40/48 | Admin V01D -> Igrac: El_Profesor | Tekst: /rcon login miami1312
22/10/2020 | 13/44/53 | Admin V01D -> Igrac: Miami_Brown | Tekst: /rcon login miami1312 
22/10/2020 | 13/44/58 | Admin V01D -> Igrac: Miami_Brown | Tekst: 147852
22/10/2020 | 13/51/32 | Admin V01D -> Igrac: Fredy_Wiliams | Tekst: /rcon login miami1312
22/10/2020 | 13/51/37 | Admin V01D -> Igrac: Fredy_Wiliams | Tekst: 147852
24/10/2020 | 11/36/20 | Admin Mateja_Brown -> Igrac: Carson | Tekst: cit
24/10/2020 | 11/36/23 | Admin Mateja_Brown -> Igrac: Carson | Tekst: xd
24/10/2020 | 11/36/27 | Admin Carson -> Igrac: Mateja_Brown | Tekst: neamw
24/10/2020 | 11/36/37 | Admin Carson -> Igrac: Mateja_Brown | Tekst: samo volim da skidam extazy loware
24/10/2020 | 11/37/35 | Admin Mateja_Brown -> Igrac: Carson | Tekst: ajde
24/10/2020 | 13/28/39 | Admin Ramox_Shaolin -> Igrac: El_Profesor | Tekst: treba da se kreiraju skinovi i vozila za org nemoj d24/10/2020 | 14/3/48 | Admin El_Profesor -> Igrac: Ramox_Shaolin | Tekst: /lider
24/10/2020 | 14/29/17 | Admin Mateja_Brown -> Igrac: Xavi | Tekst: cao
24/10/2020 | 14/29/34 | Admin Shile_Wagger -> Igrac: Xavi | Tekst: lick owner's dick
24/10/2020 | 18/32/59 | Admin Funzy_Trb -> Igrac: Lazojka_Donn | Tekst: ?
24/10/2020 | 18/33/10 | Admin Funzy_Trb -> Igrac: Lazojka_Donn | Tekst: wrong
24/10/2020 | 18/33/16 | Admin Funzy_Trb -> Igrac: Ramox_Shaolin | Tekst: ?
24/10/2020 | 18/46/14 | Admin Ramox_Shaolin -> Igrac: Carson_Wolf | Tekst: lol
24/10/2020 | 19/13/24 | Admin Simec_Wells -> Igrac: Aga_Zhao | Tekst: stizem
24/10/2020 | 19/14/54 | Admin Shile_Wagger -> Igrac: Aljo_Diaz | Tekst: Bice, strpi se!
24/10/2020 | 19/16/16 | Admin El_Profesor -> Igrac: Roma_Diaz | Tekst: nema ga
24/10/2020 | 19/16/50 | Admin Vitoslav_Minotaur -> Igrac: Mehmed_Sindjelic | Tekst: jeste
24/10/2020 | 19/18/0 | Admin Shile_Wagger -> Igrac: Shile_Walker | Tekst: Bice fixano u sljedecem restartu.
24/10/2020 | 19/18/39 | Admin Shile_Wagger -> Igrac: Hasib_Pibee | Tekst: Bice setano uskoro!
24/10/2020 | 19/18/59 | Admin Shile_Wagger -> Igrac: Exec_Wild | Tekst: Bice uskoro!
24/10/2020 | 19/19/33 | Admin Shile_Wagger -> Igrac: Tozla_Martinez | Tekst: Jadno iskreno.
24/10/2020 | 19/20/36 | Admin Vitoslav_Minotaur -> Igrac: Jason_Wright | Tekst: zovi ako ti nesto treba
24/10/2020 | 19/20/37 | Admin Shile_Wagger -> Igrac: Aga_Zhao | Tekst: Doci ce.
24/10/2020 | 19/20/45 | Admin Shile_Wagger -> Igrac: Aldiin_Smith | Tekst: Doci ce.
24/10/2020 | 19/21/47 | Admin Shile_Wagger -> Igrac: Stefan_Benzin | Tekst: Doci ce.
24/10/2020 | 19/21/53 | Admin Shile_Wagger -> Igrac: Alexa_Benzin | Tekst: Doci ce.
24/10/2020 | 19/22/33 | Admin Vitoslav_Minotaur -> Igrac: Nemanja_Djordjevic | Tekst: miami nacija
24/10/2020 | 19/25/3 | Admin Shile_Wagger -> Igrac: Dandaman_Bralee | Tekst: Doci ce.
24/10/2020 | 19/26/6 | Admin Shile_Wagger -> Igrac: Aga_Zhao | Tekst: Doci ce, strpite se
24/10/2020 | 19/26/9 | Admin Twistzz_Sarrabuzzi -> Igrac: Johny_Hernandez | Tekst: ugasi spedhack
24/10/2020 | 19/26/11 | Admin Twistzz_Sarrabuzzi -> Igrac: Johny_Hernandez | Tekst: ugasi spedhack
24/10/2020 | 19/26/11 | Admin Twistzz_Sarrabuzzi -> Igrac: Johny_Hernandez | Tekst: ugasi spedhack
24/10/2020 | 19/26/12 | Admin Twistzz_Sarrabuzzi -> Igrac: Johny_Hernandez | Tekst: ugasi spedhack
24/10/2020 | 19/26/16 | Admin Shile_Wagger -> Igrac: Zidex_Wright | Tekst: /askq ili pitaj
24/10/2020 | 19/30/9 | Admin Shile_Wagger -> Igrac: Aldiin_Smith | Tekst: Sve sto ne radi ce biti fixano ubrzo!
24/10/2020 | 19/32/39 | Admin Ramox_Shaolin -> Igrac: Sedox_Pacowsky | Tekst: komande za vipove ce biti doradjene
24/10/2020 | 19/36/23 | Admin Shile_Wagger -> Igrac: Rijad_Alic | Tekst: Hvala ti legendo!
24/10/2020 | 19/36/47 | Admin Shile_Wagger -> Igrac: Pacho_Thug | Tekst: bice!
24/10/2020 | 19/37/29 | Admin Ramox_Shaolin -> Igrac: Edox_Korely | Tekst: prestnai
24/10/2020 | 19/38/16 | Admin Shile_Wagger -> Igrac: Somi_Martinez | Tekst: zlatara!
24/10/2020 | 19/42/38 | Admin V01D -> Igrac: Princess_Newton | Tekst: Nema vencanja
24/10/2020 | 19/43/30 | Admin Shile_Wagger -> Igrac: Siquente_Escobar | Tekst: Pripazi na rijecnik
24/10/2020 | 19/43/45 | Admin Shile_Wagger -> Igrac: Aleks_Toretto | Tekst: morate napuniti sate i uci u org.
24/10/2020 | 19/43/53 | Admin Shile_Wagger -> Igrac: Hasib_Pibee | Tekst: ne
24/10/2020 | 19/44/45 | Admin Shile_Wagger -> Igrac: Aldiin_Smith | Tekst: doci ce.
24/10/2020 | 19/45/30 | Admin Lisa_Ann -> Igrac: Edox_Korely | Tekst: Bit ce xd
24/10/2020 | 19/45/36 | Admin Shile_Wagger -> Igrac: Edox_Korely | Tekst: Bice svima sto je obecao, ne placi tu.
24/10/2020 | 19/48/14 | Admin Simec_Wells -> Igrac: Mia_Khalifa | Tekst: 140ak otp
24/10/2020 | 19/51/5 | Admin Simec_Wells -> Igrac: Marshall_Newton | Tekst: desiii tobaa
24/10/2020 | 19/51/58 | Admin Vitoslav_Minotaur -> Igrac: Trevor_Johsonn | Tekst: miami-street
24/10/2020 | 19/55/4 | Admin Shile_Wagger -> Igrac: Marc_Castello | Tekst: Sve ce biti fixano, idemo jako!
24/10/2020 | 19/55/29 | Admin Vitoslav_Minotaur -> Igrac: Luka_Wright | Tekst: nemamo ni mi
24/10/2020 | 19/57/26 | Admin Shile_Wagger -> Igrac: Ljubisa_Imbronjev | Tekst: Bice fixano uskoro
24/10/2020 | 19/57/32 | Admin Shile_Wagger -> Igrac: Sedox_Pacowsky | Tekst: evo port do renta ide!
24/10/2020 | 19/58/32 | Admin Shile_Wagger -> Igrac: Aldin_Karavelic | Tekst: Javi se TS3
24/10/2020 | 20/3/1 | Admin Shile_Wagger -> Igrac: Ljubisa_Imbronjev | Tekst: Bice fixano uskoro!
24/10/2020 | 20/3/54 | Admin Shile_Wagger -> Igrac: Pacho_Thug | Tekst: Hvala na podrsci drugar
24/10/2020 | 20/6/39 | Admin Shile_Wagger -> Igrac: Roxy_Walker | Tekst: pisi samo da se javljaju ts3 vodjama
24/10/2020 | 20/9/20 | Admin Shile_Wagger -> Igrac: Filip_Jovanovic | Tekst: javi mu se ts3, cekaonica
24/10/2020 | 20/9/25 | Admin Shile_Wagger -> Igrac: Marc_Castello | Tekst: da
24/10/2020 | 20/24/12 | Admin Mikri_Maus -> Igrac: Crystall_Nodev | Tekst: afk je
24/10/2020 | 20/41/52 | Admin Mikri_Maus -> Igrac: Marc_Castello | Tekst: /pitaj
24/10/2020 | 20/50/57 | Admin Shile_Wagger -> Igrac: Aldiin_Smith | Tekst: afk je, doci ce samo napisi "Ramox" ispred imena!
24/10/2020 | 20/52/9 | Admin tkd -> Igrac: Andrija_Sindjelic | Tekst: resen je
24/10/2020 | 20/53/46 | Admin Shile_Wagger -> Igrac: Edox_Korely | Tekst: Na RP nacin skini...
24/10/2020 | 20/59/50 | Admin Shile_Wagger -> Igrac: Mad_Max | Tekst: fix ce se
24/10/2020 | 21/1/59 | Admin Shile_Wagger -> Igrac: Mad_Max | Tekst: Hvala sto prijavljujete bugove, znaci nam!
24/10/2020 | 21/3/19 | Admin Shile_Wagger -> Igrac: Stjepan_Copperfield | Tekst: Bice fixano sve u toku sutrasnjeg dana!
24/10/2020 | 21/6/18 | Admin Shile_Wagger -> Igrac: Mad_Max | Tekst: Odlucite se za jedan, ne mozemo svima skidati kako vama od24/10/2020 | 21/15/18 | Admin Shile_Wagger -> Igrac: Rambo_Dev | Tekst: ts3 cekaonica!
24/10/2020 | 21/16/7 | Admin Shile_Wagger -> Igrac: Stefke_Boss | Tekst: idem
24/10/2020 | 21/17/4 | Admin El_Profesor -> Igrac: Edox_Korely | Tekst: Bez Reklamiranja
24/10/2020 | 21/17/13 | Admin El_Profesor -> Igrac: Hasib_Pibee | Tekst: Bez Reklamiranja
24/10/2020 | 21/20/40 | Admin Shile_Wagger -> Igrac: Hasib_Pibee | Tekst: ts3 cekaonica mu se javi...
24/10/2020 | 21/21/44 | Admin Shile_Wagger -> Igrac: Hasib_Pibee | Tekst: Na TS3 mu se javi
24/10/2020 | 21/22/1 | Admin Shile_Wagger -> Igrac: Leonardo_Zakhaev | Tekst: dobrodosao bratiæ
24/10/2020 | 21/25/15 | Admin Shile_Wagger -> Igrac: Hasib_Pibee | Tekst: Nastavis li sa istim pitanjima, jail cu te, rekao sam24/10/2020 | 21/45/58 | Admin Ramox -> Igrac: Olxx_Pacowsky | Tekst: tamo se
24/10/2020 | 21/46/58 | Admin Ramox -> Igrac: Crni_Eskobar | Tekst: welcome
24/10/2020 | 21/52/4 | Admin Marko_Smolovic -> Igrac: Gogo_Shaolin | Tekst: afk je
24/10/2020 | 22/5/47 | Admin Shile_Wagger -> Igrac: Alexa_Benzin | Tekst: obratite se liderima oko
24/10/2020 | 22/35/27 | Admin Carson_Wolf -> Igrac: Ramox | Tekst: znaci veoma uspjesan prvi dan
24/10/2020 | 22/42/50 | Admin Carson_Wolf -> Igrac: Don_Influencer | Tekst: WLCM
24/10/2020 | 22/55/29 | Admin Ramox -> Igrac: Hasib_Pibee | Tekst: ne budi nezahvalan
25/10/2020 | 23/16/57 | Admin Ramox -> Igrac: Exec_Wild | Tekst: eto ako je isto ko da ga nemas
25/10/2020 | 23/23/34 | Admin Ramox -> Igrac: Mile_Panika | Tekst: da plantaza
25/10/2020 | 7/12/17 | Admin Shile_Wagger -> Igrac: Fox_Yungkulovski | Tekst: Nema ti ko set sada, pricekaj Ramoya
25/10/2020 | 7/12/20 | Admin Shile_Wagger -> Igrac: Fox_Yungkulovski | Tekst: Nema ti ko set sada, pricekaj Ramoxa*
25/10/2020 | 7/21/51 | Admin Fox_Yungkulovski -> Igrac: Zidai_Diaz | Tekst: UZIVAJ U IGRI <3 
25/10/2020 | 7/23/23 | Admin Shile_Wagger -> Igrac: Stefan_Benzin | Tekst: Jutro, jutro!
25/10/2020 | 7/32/22 | Admin Fox_Yungkulovski -> Igrac: Nikola_Vujanovic | Tekst: Resice se to sutra ili veceras
25/10/2020 | 7/36/45 | Admin Fox_Yungkulovski -> Igrac: Johny_Hernandez | Tekst: aha
25/10/2020 | 7/48/18 | Admin Mateja_Brown -> Igrac: Fox_Syrpznk | Tekst: <3
25/10/2020 | 7/58/35 | Admin Fox_Yungkulovski -> Igrac: Fox_Syrpznk | Tekst: reseno je za gps
25/10/2020 | 8/5/19 | Admin Fox_Yungkulovski -> Igrac: Somi_Martinez | Tekst: nista brat <3
25/10/2020 | 8/43/36 | Admin Xavi -> Igrac: Staklenzi_Wright | Tekst: prijavi na forum miami-street.info/forum
25/10/2020 | 8/43/53 | Admin Xavi -> Igrac: Staklenzi_Wright | Tekst: prijavi na forum miami-street.info/forum
25/10/2020 | 9/20/1 | Admin tkd -> Igrac: Ahmed_Pacowsky | Tekst: kupuje se tamo kod miami parka kod opstine
25/10/2020 | 9/27/6 | Admin Moskri -> Igrac: Stefan_Benzin | Tekst: da
25/10/2020 | 9/27/14 | Admin Moskri -> Igrac: Stefan_Benzin | Tekst: dodju ts
25/10/2020 | 9/46/6 | Admin Xavi -> Igrac: James_Wright | Tekst: Bice
25/10/2020 | 9/46/31 | Admin jasonR -> Igrac: Staklenzi_Wright | Tekst: Provjerit cemo sve danas, ako bude problema sredit cemo25/10/2020 | 9/49/16 | Admin Xavi -> Igrac: James_Wright | Tekst: Bic
25/10/2020 | 9/49/17 | Admin Xavi -> Igrac: James_Wright | Tekst: Bice
25/10/2020 | 9/59/49 | Admin Shile_Wagger -> Igrac: Andrija_Sindjelic | Tekst: Hvala drugar :D
25/10/2020 | 10/0/42 | Admin tkd -> Igrac: Oggy_Pacowsky | Tekst: u butiku kod gsf
25/10/2020 | 10/5/4 | Admin Shile_Wagger -> Igrac: Michael_Bukvica | Tekst: Bice muzike!
25/10/2020 | 10/7/9 | Admin Shile_Wagger -> Igrac: Andrija_Sindjelic | Tekst: Bez takvij komentara....
25/10/2020 | 10/7/22 | Admin Carson_Wolf -> Igrac: Andrija_Sindjelic | Tekst: NE SPAMAJ !
25/10/2020 | 10/23/5 | Admin Carson_Wolf -> Igrac: Leonardo_Zakhaev | Tekst: radi sabotazer to ti je najbolje po meni
25/10/2020 | 10/25/5 | Admin Shile_Wagger -> Igrac: Coby_Wright | Tekst: Prijavite ga na forumu!
25/10/2020 | 10/28/1 | Admin Shile_Wagger -> Igrac: Oggy_Pacowsky | Tekst: Ne.
25/10/2020 | 10/40/51 | Admin Shile_Wagger -> Igrac: Vexy_Colbart | Tekst: zovi na /report kad zavrsis
25/10/2020 | 10/46/11 | Admin Shile_Wagger -> Igrac: Michael_Bukvica | Tekst: :D
25/10/2020 | 10/48/16 | Admin Moskri -> Igrac: Mile_Panika | Tekst: sledeca
25/10/2020 | 11/4/34 | Admin Xavi -> Igrac: Mihael_Sanchez | Tekst: Jbg brate zakasnio si
25/10/2020 | 11/16/43 | Admin Ramox -> Igrac: Olxx_Pacowsky | Tekst: event samo za tebe bio eelgy hahaa
25/10/2020 | 11/19/54 | Admin Fox_Yungkulovski -> Igrac: Bogi_Wright | Tekst: eto bate
25/10/2020 | 11/20/8 | Admin Fox_Yungkulovski -> Igrac: Coby_Wright | Tekst: Ima da se poprave tajmeri
25/10/2020 | 11/23/10 | Admin Fox_Yungkulovski -> Igrac: Adis_Pacowsky | Tekst: Ako imas nesto protiv, stavi zalbu na forum i d25/10/2020 | 11/25/32 | Admin Fox_Yungkulovski -> Igrac: Hasib_Pibee | Tekst: izvoli
25/10/2020 | 11/25/58 | Admin Moskri -> Igrac: Nedim_Kocheryozhkin | Tekst: aloooo prekini
25/10/2020 | 11/27/59 | Admin jasonR -> Igrac: High_Sindjelic | Tekst: Nema setanja nikakvog, skupite lvl 2 kao i ostali igraci25/10/2020 | 11/29/18 | Admin Xavi -> Igrac: Sedox_Pacowsky | Tekst: imas wl
25/10/2020 | 11/29/53 | Admin Fox_Yungkulovski -> Igrac: Jovan_Sindjelic | Tekst: Dokle postovani?
25/10/2020 | 11/30/29 | Admin Xavi -> Igrac: Bogi_Wright | Tekst: sabotazer
25/10/2020 | 11/33/28 | Admin Xavi -> Igrac: Jovan_Sindjelic | Tekst: Ramoz je afk
25/10/2020 | 11/33/47 | Admin Fox_Yungkulovski -> Igrac: Tozla_Martinez | Tekst: bice
25/10/2020 | 11/46/47 | Admin Shile_Wagger -> Igrac: Vexy_Colbart | Tekst: Bice event buraz
25/10/2020 | 11/54/14 | Admin Xavi -> Igrac: Nemanja_Cekic | Tekst: Uzivaj
25/10/2020 | 12/6/50 | Admin V01D -> Igrac: Ilija_Sindjelic | Tekst: Novac se dobija direktno 
25/10/2020 | 12/9/25 | Admin Ramox -> Igrac: Michael_Bukvica | Tekst: traje beskonacno a kad izadjes iz njega imas 3 min da se 25/10/2020 | 12/10/43 | Admin Mateja_Brown -> Igrac: Aleks_Toretto | Tekst: idem
25/10/2020 | 12/11/20 | Admin Marko_Smolovic -> Igrac: Aron_Edley | Tekst: Dobrodosli,ukoliko vam je potrebna pomoc kucajte /as25/10/2020 | 12/14/16 | Admin Mateja_Brown -> Igrac: Jovan_Negovanovic | Tekst: moze
25/10/2020 | 12/20/1 | Admin Marko_Smolovic -> Igrac: Jovan_Sindjelic | Tekst: smiri malo ?
25/10/2020 | 12/21/51 | Admin Ramox -> Igrac: Don_Poznanj | Tekst: ne nego je restart odradjen
25/10/2020 | 12/21/53 | Admin Carson_Wolf -> Igrac: Don_Poznanj | Tekst: bio je restart
25/10/2020 | 12/27/2 | Admin Mateja_Brown -> Igrac: Oggy_Pacowsky | Tekst: Caps OFF
25/10/2020 | 12/28/23 | Admin Mateja_Brown -> Igrac: Pacho_Thug | Tekst: Zauzet je
25/10/2020 | 12/29/9 | Admin Mateja_Brown -> Igrac: Oggy_Pacowsky | Tekst: specam
25/10/2020 | 12/30/14 | Admin Mateja_Brown -> Igrac: Sedox_Pacowsky | Tekst: Recnik smiri.
25/10/2020 | 12/31/33 | Admin Mateja_Brown -> Igrac: Michael_Bukvica | Tekst: u 17:00
25/10/2020 | 12/35/42 | Admin Ramox -> Igrac: Hasib_Pibee | Tekst: do tebe je 
25/10/2020 | 12/40/29 | Admin Ramox -> Igrac: Hasib_Pibee | Tekst: najbogatiji si na serveru sta se bunis
25/10/2020 | 12/41/28 | Admin Mateja_Brown -> Igrac: Oggy_Pacowsky | Tekst: Reseno.
25/10/2020 | 12/42/10 | Admin Mateja_Brown -> Igrac: Don_Poznanj | Tekst: evo
