23/10/2020 | 20/16/16 | Admin Lazojka_Donn je prodao imovinu(ID:519)
23/10/2020 | 21/20/58 | Admin TEAM Adis_Abeba je promenio level garaze(ID:8) u 99
23/10/2020 | 21/23/32 | Admin TEAM Adis_Abeba je promenio level garaze(ID:9) u 99
23/10/2020 | 22/20/27 | Admin TEAM Adis_Abeba je promenio level garaze(ID:1) u 999
23/10/2020 | 22/20/49 | Admin TEAM Adis_Abeba je promenio cenu garaze(ID:1) u 0
23/10/2020 | 22/22/56 | Admin TEAM Adis_Abeba je promenio level garaze(ID:2) u 999
23/10/2020 | 22/23/8 | Admin TEAM Adis_Abeba je promenio cenu garaze(ID:2) u 0
23/10/2020 | 22/35/2 | Admin TEAM Adis_Abeba je promenio cenu garaze(ID:3) u 0
23/10/2020 | 22/35/8 | Admin TEAM Adis_Abeba je promenio level garaze(ID:3) u 999
23/10/2020 | 22/38/25 | Admin TEAM Adis_Abeba je promenio cenu garaze(ID:4) u 0
23/10/2020 | 22/38/33 | Admin TEAM Adis_Abeba je promenio level garaze(ID:4) u 999
23/10/2020 | 22/40/21 | Admin TEAM Adis_Abeba je promenio cenu garaze(ID:5) u 0
23/10/2020 | 22/40/29 | Admin TEAM Adis_Abeba je promenio level garaze(ID:5) u 999
23/10/2020 | 22/42/50 | Admin TEAM Adis_Abeba je promenio cenu garaze(ID:6) u 0
23/10/2020 | 22/42/55 | Admin TEAM Adis_Abeba je prodao garazu ID 6 na buy
23/10/2020 | 22/43/4 | Admin TEAM Adis_Abeba je promenio level garaze(ID:6) u 999
23/10/2020 | 22/46/40 | Admin TEAM Adis_Abeba je promenio cenu garaze(ID:7) u 0
23/10/2020 | 22/46/46 | Admin TEAM Adis_Abeba je promenio level garaze(ID:7) u 999
23/10/2020 | 22/50/48 | Admin TEAM Adis_Abeba je promenio cenu garaze(ID:8) u 0
23/10/2020 | 22/50/58 | Admin TEAM Adis_Abeba je promenio level garaze(ID:8) u 999
23/10/2020 | 22/52/22 | Admin TEAM Adis_Abeba je promenio cenu garaze(ID:9) u 0
23/10/2020 | 22/52/30 | Admin TEAM Adis_Abeba je promenio level garaze(ID:9) u 999
23/10/2020 | 22/54/21 | Admin TEAM Adis_Abeba je promenio cenu garaze(ID:10) u 0
23/10/2020 | 22/54/29 | Admin TEAM Adis_Abeba je promenio level garaze(ID:10) u 999
23/10/2020 | 22/58/10 | Admin TEAM Adis_Abeba je promenio cenu garaze(ID:11) u 9
23/10/2020 | 22/58/16 | Admin TEAM Adis_Abeba je promenio cenu garaze(ID:11) u 0
23/10/2020 | 22/58/21 | Admin TEAM Adis_Abeba je promenio level garaze(ID:11) u 999
24/10/2020 | 23/1/59 | Admin TEAM Adis_Abeba je promenio cenu garaze(ID:12) u 0
24/10/2020 | 23/2/5 | Admin TEAM Adis_Abeba je promenio level garaze(ID:12) u 999
24/10/2020 | 23/4/17 | Admin TEAM Adis_Abeba je promenio cenu garaze(ID:13) u 0
24/10/2020 | 23/4/42 | Admin TEAM Adis_Abeba je promenio level garaze(ID:13) u 999
24/10/2020 | 23/6/22 | Admin TEAM Adis_Abeba je promenio cenu garaze(ID:14) u 0
24/10/2020 | 23/6/29 | Admin TEAM Adis_Abeba je promenio level garaze(ID:14) u 999
24/10/2020 | 23/7/59 | Admin TEAM Adis_Abeba je promenio cenu garaze(ID:15) u 0
24/10/2020 | 23/8/6 | Admin TEAM Adis_Abeba je promenio level garaze(ID:15) u 999
24/10/2020 | 23/9/53 | Admin TEAM Adis_Abeba je promenio cenu garaze(ID:16) u 0
24/10/2020 | 23/9/59 | Admin TEAM Adis_Abeba je promenio level garaze(ID:16) u 999
24/10/2020 | 23/11/20 | Admin TEAM Adis_Abeba je promenio cenu garaze(ID:17) u 0
24/10/2020 | 23/11/24 | Admin TEAM Adis_Abeba je promenio level garaze(ID:17) u 999
24/10/2020 | 23/11/55 | Admin TEAM Adis_Abeba je promenio cenu garaze(ID:18) u 0
24/10/2020 | 23/12/0 | Admin TEAM Adis_Abeba je promenio level garaze(ID:18) u 999
24/10/2020 | 23/13/55 | Admin TEAM Adis_Abeba je promenio cenu garaze(ID:17) u 0
24/10/2020 | 23/14/0 | Admin TEAM Adis_Abeba je promenio level garaze(ID:17) u 999
24/10/2020 | 23/16/23 | Admin TEAM Adis_Abeba je promenio cenu garaze(ID:13) u 0
24/10/2020 | 23/16/28 | Admin TEAM Adis_Abeba je promenio level garaze(ID:13) u 999
24/10/2020 | 23/18/11 | Admin TEAM Adis_Abeba je promenio level garaze(ID:14) u 999
24/10/2020 | 23/18/16 | Admin TEAM Adis_Abeba je promenio cenu garaze(ID:14) u 0
24/10/2020 | 23/19/10 | Admin TEAM Adis_Abeba je promenio cenu garaze(ID:15) u 0
24/10/2020 | 23/19/16 | Admin TEAM Adis_Abeba je promenio level garaze(ID:15) u 999
24/10/2020 | 23/19/47 | Admin TEAM Adis_Abeba je promenio cenu garaze(ID:15) u 9
24/10/2020 | 23/19/52 | Admin TEAM Adis_Abeba je promenio cenu garaze(ID:15) u 0
24/10/2020 | 23/19/58 | Admin TEAM Adis_Abeba je promenio level garaze(ID:15) u 999
24/10/2020 | 23/23/18 | Admin TEAM Adis_Abeba je promenio cenu garaze(ID:16) u 0
24/10/2020 | 23/23/24 | Admin TEAM Adis_Abeba je promenio level garaze(ID:16) u 999
24/10/2020 | 23/27/34 | Admin TEAM Adis_Abeba je promenio cenu garaze(ID:18) u 0
24/10/2020 | 23/27/39 | Admin TEAM Adis_Abeba je promenio level garaze(ID:18) u 999
24/10/2020 | 23/28/38 | Admin TEAM Adis_Abeba je promenio cenu garaze(ID:19) u 0
24/10/2020 | 23/28/42 | Admin TEAM Adis_Abeba je promenio level garaze(ID:19) u 999
24/10/2020 | 23/30/37 | Admin TEAM Adis_Abeba je promenio cenu garaze(ID:20) u 0
24/10/2020 | 23/30/44 | Admin TEAM Adis_Abeba je promenio level garaze(ID:20) u 999
24/10/2020 | 23/31/47 | Admin TEAM Adis_Abeba je promenio cenu garaze(ID:21) u 0
24/10/2020 | 23/31/51 | Admin TEAM Adis_Abeba je promenio level garaze(ID:21) u 999
24/10/2020 | 23/32/53 | Admin TEAM Adis_Abeba je promenio cenu garaze(ID:20) u 0
24/10/2020 | 23/33/2 | Admin TEAM Adis_Abeba je promenio level garaze(ID:20) u 999
24/10/2020 | 23/36/34 | Admin TEAM Adis_Abeba je promenio level garaze(ID:22) u 999
24/10/2020 | 23/36/39 | Admin TEAM Adis_Abeba je promenio cenu garaze(ID:22) u 0
24/10/2020 | 23/38/24 | Admin TEAM Adis_Abeba je promenio cenu garaze(ID:23) u 0
24/10/2020 | 23/38/29 | Admin TEAM Adis_Abeba je promenio level garaze(ID:23) u 999
24/10/2020 | 23/41/56 | Admin TEAM Adis_Abeba je promenio cenu garaze(ID:24) u 0
24/10/2020 | 23/42/0 | Admin TEAM Adis_Abeba je promenio level garaze(ID:24) u 999
24/10/2020 | 23/43/40 | Admin TEAM Adis_Abeba je promenio cenu garaze(ID:25) u 0
24/10/2020 | 23/43/45 | Admin TEAM Adis_Abeba je promenio level garaze(ID:25) u 999
24/10/2020 | 23/46/18 | Admin TEAM Adis_Abeba je promenio cenu garaze(ID:26) u 0
24/10/2020 | 23/46/24 | Admin TEAM Adis_Abeba je promenio level garaze(ID:26) u 999
24/10/2020 | 23/50/7 | Admin TEAM Adis_Abeba je promenio cenu garaze(ID:27) u 0
24/10/2020 | 23/50/13 | Admin TEAM Adis_Abeba je promenio level garaze(ID:27) u 999
24/10/2020 | 23/53/44 | Admin TEAM Adis_Abeba je promenio cenu garaze(ID:28) u 0
24/10/2020 | 23/53/50 | Admin TEAM Adis_Abeba je promenio level garaze(ID:28) u 999
24/10/2020 | 23/55/52 | Admin TEAM Adis_Abeba je promenio cenu garaze(ID:29) u 0
24/10/2020 | 23/55/57 | Admin TEAM Adis_Abeba je promenio level garaze(ID:29) u 999
24/10/2020 | 23/57/43 | Admin TEAM Adis_Abeba je promenio cenu garaze(ID:30) u 0
24/10/2020 | 23/57/52 | Admin TEAM Adis_Abeba je promenio level garaze(ID:30) u 999
24/10/2020 | 23/59/52 | Admin TEAM Adis_Abeba je promenio cenu garaze(ID:31) u 0
24/10/2020 | 23/59/57 | Admin TEAM Adis_Abeba je promenio level garaze(ID:31) u 999
24/10/2020 | 0/2/35 | Admin TEAM Adis_Abeba je promenio cenu garaze(ID:32) u 0
24/10/2020 | 0/2/39 | Admin TEAM Adis_Abeba je promenio level garaze(ID:32) u 999
24/10/2020 | 0/6/3 | Admin TEAM Adis_Abeba je promenio cenu garaze(ID:33) u 0
24/10/2020 | 0/6/8 | Admin TEAM Adis_Abeba je promenio level garaze(ID:33) u 999
24/10/2020 | 0/8/57 | Admin TEAM Adis_Abeba je promenio cenu garaze(ID:34) u 0
24/10/2020 | 0/9/2 | Admin TEAM Adis_Abeba je promenio level garaze(ID:34) u 999
24/10/2020 | 0/11/37 | Admin TEAM Adis_Abeba je promenio cenu garaze(ID:35) u 0
24/10/2020 | 0/11/42 | Admin TEAM Adis_Abeba je promenio level garaze(ID:35) u 999
24/10/2020 | 0/39/38 | Admin TEAM Adis_Abeba je promenio cenu garaze(ID:36) u 0
24/10/2020 | 0/39/44 | Admin TEAM Adis_Abeba je promenio level garaze(ID:36) u 999
24/10/2020 | 0/40/38 | Admin TEAM Adis_Abeba je promenio cenu garaze(ID:37) u 0
24/10/2020 | 0/40/44 | Admin TEAM Adis_Abeba je promenio level garaze(ID:37) u 999
24/10/2020 | 0/42/22 | Admin TEAM Adis_Abeba je promenio cenu garaze(ID:38) u 0
24/10/2020 | 0/42/27 | Admin TEAM Adis_Abeba je promenio level garaze(ID:38) u 999
24/10/2020 | 0/43/42 | Admin TEAM Adis_Abeba je promenio cenu garaze(ID:39) u 0
24/10/2020 | 0/43/47 | Admin TEAM Adis_Abeba je promenio level garaze(ID:39) u 999
24/10/2020 | 0/44/56 | Admin TEAM Adis_Abeba je promenio cenu garaze(ID:40) u 0
24/10/2020 | 0/45/1 | Admin TEAM Adis_Abeba je promenio level garaze(ID:40) u 999
24/10/2020 | 0/46/23 | Admin TEAM Adis_Abeba je promenio cenu garaze(ID:41) u 0
24/10/2020 | 0/46/30 | Admin TEAM Adis_Abeba je promenio level garaze(ID:41) u 999
24/10/2020 | 0/47/59 | Admin TEAM Adis_Abeba je promenio cenu garaze(ID:42) u 0
24/10/2020 | 0/48/3 | Admin TEAM Adis_Abeba je promenio level garaze(ID:42) u 999
24/10/2020 | 0/51/42 | Admin TEAM Adis_Abeba je promenio cenu garaze(ID:43) u 0
24/10/2020 | 0/52/8 | Admin TEAM Adis_Abeba je promenio level garaze(ID:43) u 999
24/10/2020 | 0/53/46 | Admin TEAM Adis_Abeba je promenio cenu garaze(ID:44) u 0
24/10/2020 | 0/53/51 | Admin TEAM Adis_Abeba je promenio level garaze(ID:44) u 999
24/10/2020 | 0/57/20 | Admin TEAM Adis_Abeba je promenio cenu garaze(ID:45) u 0
24/10/2020 | 0/57/24 | Admin TEAM Adis_Abeba je promenio level garaze(ID:45) u 999
24/10/2020 | 1/1/46 | Admin TEAM Adis_Abeba je promenio cenu garaze(ID:46) u 0
24/10/2020 | 1/1/54 | Admin TEAM Adis_Abeba je promenio level garaze(ID:46) u 999
24/10/2020 | 1/5/10 | Admin TEAM Adis_Abeba je promenio cenu garaze(ID:47) u 0
24/10/2020 | 1/5/15 | Admin TEAM Adis_Abeba je promenio level garaze(ID:47) u 999
24/10/2020 | 1/7/1 | Admin TEAM Adis_Abeba je promenio cenu garaze(ID:46) u 0
24/10/2020 | 1/7/5 | Admin TEAM Adis_Abeba je promenio level garaze(ID:46) u 999
24/10/2020 | 1/8/25 | Admin TEAM Adis_Abeba je promenio cenu garaze(ID:45) u 0
24/10/2020 | 1/8/29 | Admin TEAM Adis_Abeba je promenio level garaze(ID:45) u 999
24/10/2020 | 1/9/28 | Admin TEAM Adis_Abeba je promenio cenu garaze(ID:44) u 0
24/10/2020 | 1/9/32 | Admin TEAM Adis_Abeba je promenio level garaze(ID:44) u 999
24/10/2020 | 1/10/31 | Admin TEAM Adis_Abeba je promenio cenu garaze(ID:43) u 0
24/10/2020 | 1/10/35 | Admin TEAM Adis_Abeba je promenio level garaze(ID:43) u 999
24/10/2020 | 1/12/13 | Admin TEAM Adis_Abeba je promenio cenu garaze(ID:48) u 0
24/10/2020 | 1/12/18 | Admin TEAM Adis_Abeba je promenio level garaze(ID:48) u 999
24/10/2020 | 1/14/9 | Admin TEAM Adis_Abeba je promenio cenu garaze(ID:49) u 0
24/10/2020 | 1/14/14 | Admin TEAM Adis_Abeba je promenio level garaze(ID:49) u 999
24/10/2020 | 1/27/36 | Admin TEAM Adis_Abeba je promenio cenu garaze(ID:50) u 0
24/10/2020 | 1/27/40 | Admin TEAM Adis_Abeba je prodao garazu ID 50 na buy
24/10/2020 | 1/27/47 | Admin TEAM Adis_Abeba je promenio level garaze(ID:50) u 999
24/10/2020 | 1/29/10 | Admin TEAM Adis_Abeba je promenio level garaze(ID:51) u 999
24/10/2020 | 1/29/14 | Admin TEAM Adis_Abeba je promenio cenu garaze(ID:51) u 0
24/10/2020 | 1/30/52 | Admin TEAM Adis_Abeba je promenio cenu garaze(ID:52) u 0
24/10/2020 | 1/30/57 | Admin TEAM Adis_Abeba je promenio level garaze(ID:52) u 999
24/10/2020 | 1/33/46 | Admin TEAM Adis_Abeba je promenio cenu garaze(ID:53) u 0
24/10/2020 | 1/33/51 | Admin TEAM Adis_Abeba je promenio level garaze(ID:53) u 999
24/10/2020 | 1/38/17 | Admin TEAM Adis_Abeba je promenio cenu garaze(ID:54) u 0
24/10/2020 | 1/38/21 | Admin TEAM Adis_Abeba je promenio level garaze(ID:54) u 999
24/10/2020 | 1/42/20 | Admin TEAM El_Profesor je promenio level garaze(ID:31) u 1
24/10/2020 | 1/47/48 | Admin TEAM Adis_Abeba je promenio cenu garaze(ID:31) u 0
24/10/2020 | 1/47/52 | Admin TEAM Adis_Abeba je promenio level garaze(ID:31) u 999
24/10/2020 | 1/48/5 | Admin Adis_Abeba je prodao imovinu(ID:31)
24/10/2020 | 1/48/45 | Admin Adis_Abeba je prodao imovinu(ID:45)
24/10/2020 | 1/58/59 | Admin TEAM Adis_Abeba je promenio cenu garaze(ID:55) u 0
24/10/2020 | 1/59/4 | Admin TEAM Adis_Abeba je promenio level garaze(ID:55) u 999
24/10/2020 | 2/21/56 | Admin TEAM Damir_Malka je promenio level garaze(ID:56) u 999
24/10/2020 | 2/22/7 | Admin TEAM Damir_Malka je promenio cenu garaze(ID:56) u 0
24/10/2020 | 2/23/45 | Admin TEAM Damir_Malka je promenio cenu garaze(ID:57) u 0
24/10/2020 | 2/24/1 | Admin TEAM Damir_Malka je promenio level garaze(ID:57) u 999
24/10/2020 | 2/25/31 | Admin TEAM Damir_Malka je promenio cenu garaze(ID:58) u 0
24/10/2020 | 2/25/39 | Admin TEAM Damir_Malka je promenio level garaze(ID:58) u 999
24/10/2020 | 2/26/43 | Admin TEAM Damir_Malka je promenio cenu garaze(ID:59) u 0
24/10/2020 | 2/26/49 | Admin TEAM Damir_Malka je promenio level garaze(ID:59) u 999
24/10/2020 | 2/27/56 | Admin TEAM Damir_Malka je promenio cenu garaze(ID:60) u 0
24/10/2020 | 2/28/4 | Admin TEAM Damir_Malka je promenio level garaze(ID:60) u 999
24/10/2020 | 2/29/20 | Admin TEAM Damir_Malka je promenio cenu garaze(ID:61) u 0
24/10/2020 | 2/29/26 | Admin TEAM Damir_Malka je promenio level garaze(ID:61) u 999
24/10/2020 | 2/31/53 | Admin TEAM Damir_Malka je promenio cenu garaze(ID:62) u 0
24/10/2020 | 2/31/59 | Admin TEAM Damir_Malka je promenio level garaze(ID:62) u 999
24/10/2020 | 2/35/27 | Admin TEAM Damir_Malka je promenio cenu garaze(ID:63) u 0
24/10/2020 | 2/35/34 | Admin TEAM Damir_Malka je promenio level garaze(ID:63) u 999
24/10/2020 | 2/37/47 | Admin TEAM Damir_Malka je promenio cenu garaze(ID:64) u 0
24/10/2020 | 2/37/56 | Admin TEAM Damir_Malka je promenio level garaze(ID:64) u 999
24/10/2020 | 2/46/42 | Admin TEAM Damir_Malka je promenio cenu garaze(ID:65) u 0
24/10/2020 | 2/46/51 | Admin TEAM Damir_Malka je promenio level garaze(ID:65) u 999
24/10/2020 | 2/48/49 | Admin TEAM Damir_Malka je promenio cenu garaze(ID:66) u 0
24/10/2020 | 2/48/56 | Admin TEAM Damir_Malka je promenio level garaze(ID:66) u 999
24/10/2020 | 2/50/23 | Admin TEAM Damir_Malka je promenio cenu garaze(ID:67) u 0
24/10/2020 | 2/50/31 | Admin TEAM Damir_Malka je promenio level garaze(ID:67) u 999
24/10/2020 | 2/51/30 | Admin TEAM Damir_Malka je promenio cenu garaze(ID:68) u 0
24/10/2020 | 2/51/36 | Admin TEAM Damir_Malka je promenio level garaze(ID:68) u 999
24/10/2020 | 2/52/37 | Admin TEAM Damir_Malka je promenio cenu garaze(ID:69) u 0
24/10/2020 | 2/52/45 | Admin TEAM Damir_Malka je promenio level garaze(ID:69) u 999
24/10/2020 | 3/0/33 | Admin TEAM Damir_Malka je promenio cenu garaze(ID:65) u 0
24/10/2020 | 3/0/40 | Admin TEAM Damir_Malka je promenio level garaze(ID:65) u 999
24/10/2020 | 3/2/29 | Admin TEAM Damir_Malka je promenio cenu garaze(ID:70) u 0
24/10/2020 | 3/2/42 | Admin TEAM Damir_Malka je promenio level garaze(ID:70) u 999
24/10/2020 | 3/3/51 | Admin TEAM Damir_Malka je promenio cenu garaze(ID:67) u 0
24/10/2020 | 3/4/5 | Admin TEAM Damir_Malka je promenio level garaze(ID:67) u 999
24/10/2020 | 3/7/34 | Admin TEAM Damir_Malka je promenio cenu garaze(ID:71) u 0
24/10/2020 | 3/7/41 | Admin TEAM Damir_Malka je promenio level garaze(ID:71) u 999
24/10/2020 | 3/10/55 | Admin TEAM Damir_Malka je promenio cenu garaze(ID:72) u 0
24/10/2020 | 3/11/1 | Admin TEAM Damir_Malka je promenio level garaze(ID:72) u 999
24/10/2020 | 3/12/3 | Admin TEAM Damir_Malka je promenio cenu garaze(ID:73) u 0
24/10/2020 | 3/12/8 | Admin TEAM Damir_Malka je promenio level garaze(ID:73) u 999
24/10/2020 | 3/13/35 | Admin TEAM Damir_Malka je promenio cenu garaze(ID:74) u 0
24/10/2020 | 3/13/41 | Admin TEAM Damir_Malka je promenio level garaze(ID:74) u 999
24/10/2020 | 3/14/40 | Admin TEAM Damir_Malka je promenio cenu garaze(ID:75) u 0
24/10/2020 | 3/14/47 | Admin TEAM Damir_Malka je promenio level garaze(ID:75) u 999
24/10/2020 | 3/16/56 | Admin TEAM Damir_Malka je promenio cenu garaze(ID:76) u 0
24/10/2020 | 3/17/3 | Admin TEAM Damir_Malka je promenio level garaze(ID:76) u 999
24/10/2020 | 3/17/52 | Admin TEAM Damir_Malka je promenio cenu garaze(ID:77) u 0
24/10/2020 | 3/18/2 | Admin TEAM Damir_Malka je promenio level garaze(ID:77) u 999
24/10/2020 | 3/18/51 | Admin TEAM Damir_Malka je promenio cenu garaze(ID:78) u 0
24/10/2020 | 3/18/58 | Admin TEAM Damir_Malka je promenio level garaze(ID:78) u 999
24/10/2020 | 3/19/41 | Admin TEAM Damir_Malka je promenio cenu garaze(ID:79) u 0
24/10/2020 | 3/19/47 | Admin TEAM Damir_Malka je promenio level garaze(ID:79) u 999
24/10/2020 | 3/21/18 | Admin TEAM Damir_Malka je promenio cenu garaze(ID:80) u 0
24/10/2020 | 3/21/28 | Admin TEAM Damir_Malka je promenio level garaze(ID:80) u 999
24/10/2020 | 3/22/18 | Admin TEAM Damir_Malka je promenio cenu garaze(ID:81) u 0
24/10/2020 | 3/22/25 | Admin TEAM Damir_Malka je promenio level garaze(ID:81) u 999
24/10/2020 | 3/22/50 | Admin TEAM Damir_Malka je promenio cenu garaze(ID:82) u 0
24/10/2020 | 3/22/56 | Admin TEAM Damir_Malka je promenio level garaze(ID:82) u 999
24/10/2020 | 3/23/3 | Admin TEAM Adis_Abeba je promenio cenu garaze(ID:83) u 0
24/10/2020 | 3/23/9 | Admin TEAM Adis_Abeba je promenio level garaze(ID:83) u 999
24/10/2020 | 3/23/57 | Admin TEAM Adis_Abeba je promenio cenu garaze(ID:84) u 0
24/10/2020 | 3/24/6 | Admin TEAM Adis_Abeba je promenio level garaze(ID:84) u 999
24/10/2020 | 9/42/41 | Admin TEAM Damir_Malka je promenio cenu garaze(ID:85) u 0
24/10/2020 | 9/42/48 | Admin TEAM Damir_Malka je promenio level garaze(ID:85) u 999
24/10/2020 | 9/42/50 | Admin TEAM Adis_Abeba je promenio cenu garaze(ID:86) u 0
24/10/2020 | 9/42/54 | Admin TEAM Adis_Abeba je promenio level garaze(ID:86) u 999
24/10/2020 | 9/44/43 | Admin TEAM Adis_Abeba je promenio cenu garaze(ID:88) u 0
24/10/2020 | 9/44/43 | Admin TEAM Damir_Malka je promenio cenu garaze(ID:87) u 0
24/10/2020 | 9/44/48 | Admin TEAM Adis_Abeba je promenio level garaze(ID:88) u 999
24/10/2020 | 9/44/50 | Admin TEAM Damir_Malka je promenio level garaze(ID:87) u 999
24/10/2020 | 9/46/20 | Admin TEAM Damir_Malka je promenio cenu garaze(ID:89) u 0
24/10/2020 | 9/46/27 | Admin TEAM Damir_Malka je promenio level garaze(ID:89) u 999
24/10/2020 | 9/48/13 | Admin TEAM Damir_Malka je promenio cenu garaze(ID:90) u 0
24/10/2020 | 9/48/19 | Admin TEAM Damir_Malka je promenio level garaze(ID:90) u 999
24/10/2020 | 9/49/18 | Admin TEAM Damir_Malka je promenio cenu garaze(ID:90) u 0
24/10/2020 | 9/49/25 | Admin TEAM Damir_Malka je promenio level garaze(ID:90) u 999
24/10/2020 | 9/50/33 | Admin TEAM Damir_Malka je promenio cenu garaze(ID:91) u 0
24/10/2020 | 9/50/38 | Admin TEAM Damir_Malka je promenio level garaze(ID:91) u 999
24/10/2020 | 9/51/25 | Admin TEAM Damir_Malka je promenio cenu garaze(ID:92) u 0
24/10/2020 | 9/51/32 | Admin TEAM Damir_Malka je promenio level garaze(ID:92) u 999
24/10/2020 | 9/53/14 | Admin TEAM Damir_Malka je promenio cenu garaze(ID:93) u 0
24/10/2020 | 9/53/19 | Admin TEAM Damir_Malka je promenio level garaze(ID:93) u 999
24/10/2020 | 9/54/11 | Admin TEAM Damir_Malka je promenio cenu garaze(ID:94) u 0
24/10/2020 | 9/54/28 | Admin TEAM Damir_Malka je promenio level garaze(ID:94) u 999
24/10/2020 | 9/54/34 | Admin TEAM Damir_Malka je promenio cenu garaze(ID:94) u 0
24/10/2020 | 9/56/4 | Admin TEAM Adis_Abeba je promenio cenu garaze(ID:95) u 0
24/10/2020 | 9/56/10 | Admin TEAM Adis_Abeba je promenio level garaze(ID:95) u 999
24/10/2020 | 9/56/13 | Admin TEAM Damir_Malka je promenio cenu garaze(ID:96) u 0
24/10/2020 | 9/56/20 | Admin TEAM Damir_Malka je promenio level garaze(ID:96) u 999
24/10/2020 | 10/4/48 | Admin TEAM Damir_Malka je promenio cenu garaze(ID:96) u 0
24/10/2020 | 10/4/54 | Admin TEAM Damir_Malka je promenio level garaze(ID:96) u 999
24/10/2020 | 10/7/34 | Admin TEAM Damir_Malka je promenio cenu garaze(ID:97) u 0
24/10/2020 | 10/7/45 | Admin TEAM Damir_Malka je promenio level garaze(ID:97) u 999
24/10/2020 | 10/9/12 | Admin TEAM Damir_Malka je promenio cenu garaze(ID:98) u 0
24/10/2020 | 10/9/19 | Admin TEAM Damir_Malka je promenio level garaze(ID:98) u 999
24/10/2020 | 10/10/26 | Admin TEAM Damir_Malka je promenio cenu garaze(ID:100) u 0
24/10/2020 | 10/10/32 | Admin TEAM Damir_Malka je promenio level garaze(ID:100) u 999
24/10/2020 | 10/10/37 | Admin TEAM Adis_Abeba je promenio cenu garaze(ID:99) u 0
24/10/2020 | 10/10/42 | Admin TEAM Adis_Abeba je promenio level garaze(ID:99) u 999
24/10/2020 | 10/13/31 | Admin TEAM Damir_Malka je promenio cenu garaze(ID:101) u 0
24/10/2020 | 10/13/41 | Admin TEAM Damir_Malka je promenio level garaze(ID:101) u 999
24/10/2020 | 10/15/8 | Admin TEAM Damir_Malka je promenio cenu garaze(ID:102) u 0
24/10/2020 | 10/15/13 | Admin TEAM Damir_Malka je promenio level garaze(ID:102) u 999
24/10/2020 | 10/16/42 | Admin TEAM Damir_Malka je promenio cenu garaze(ID:103) u 0
24/10/2020 | 10/16/49 | Admin TEAM Damir_Malka je promenio level garaze(ID:103) u 999
24/10/2020 | 10/18/17 | Admin TEAM Damir_Malka je promenio cenu garaze(ID:104) u 0
24/10/2020 | 10/18/24 | Admin TEAM Damir_Malka je promenio level garaze(ID:104) u 999
24/10/2020 | 10/20/2 | Admin TEAM Damir_Malka je promenio cenu garaze(ID:105) u 0
24/10/2020 | 10/20/12 | Admin TEAM Damir_Malka je promenio level garaze(ID:105) u 999
24/10/2020 | 10/21/4 | Admin TEAM Damir_Malka je promenio cenu garaze(ID:106) u 0
24/10/2020 | 10/21/41 | Admin TEAM Damir_Malka je promenio level garaze(ID:106) u 999
24/10/2020 | 10/23/7 | Admin TEAM Damir_Malka je promenio cenu garaze(ID:107) u 0
24/10/2020 | 10/23/13 | Admin TEAM Damir_Malka je promenio level garaze(ID:107) u 999
24/10/2020 | 10/25/13 | Admin TEAM Damir_Malka je promenio cenu garaze(ID:107) u 0
24/10/2020 | 10/25/20 | Admin TEAM Damir_Malka je promenio level garaze(ID:107) u 999
24/10/2020 | 10/27/0 | Admin TEAM Damir_Malka je promenio cenu garaze(ID:108) u 0
24/10/2020 | 10/27/11 | Admin TEAM Damir_Malka je promenio level garaze(ID:108) u 999
24/10/2020 | 10/28/45 | Admin TEAM Damir_Malka je promenio cenu garaze(ID:109) u 0
24/10/2020 | 10/29/15 | Admin TEAM Damir_Malka je promenio level garaze(ID:109) u 999
24/10/2020 | 10/32/43 | Admin TEAM Damir_Malka je promenio cenu garaze(ID:110) u 0
24/10/2020 | 10/32/49 | Admin TEAM Damir_Malka je promenio level garaze(ID:110) u 999
24/10/2020 | 10/35/4 | Admin TEAM Damir_Malka je promenio cenu garaze(ID:111) u 0
24/10/2020 | 10/35/10 | Admin TEAM Damir_Malka je promenio level garaze(ID:111) u 999
24/10/2020 | 10/37/15 | Admin TEAM Damir_Malka je promenio cenu garaze(ID:112) u 0
24/10/2020 | 10/37/23 | Admin TEAM Damir_Malka je promenio level garaze(ID:112) u 999
24/10/2020 | 11/52/24 | Admin TEAM Damir_Malka je promenio cenu garaze(ID:113) u 0
24/10/2020 | 11/52/29 | Admin TEAM Damir_Malka je promenio level garaze(ID:113) u 999
24/10/2020 | 11/54/5 | Admin TEAM Damir_Malka je promenio cenu garaze(ID:114) u 0
24/10/2020 | 11/54/11 | Admin TEAM Damir_Malka je promenio level garaze(ID:114) u 999
24/10/2020 | 11/55/47 | Admin TEAM Damir_Malka je promenio cenu garaze(ID:115) u 0
24/10/2020 | 11/55/56 | Admin TEAM Damir_Malka je promenio level garaze(ID:115) u 999
24/10/2020 | 11/56/56 | Admin TEAM Damir_Malka je promenio cenu garaze(ID:116) u 0
24/10/2020 | 11/56/57 | Admin TEAM Adis_Abeba je promenio cenu garaze(ID:117) u 0
24/10/2020 | 11/57/1 | Admin TEAM Adis_Abeba je promenio level garaze(ID:117) u 999
24/10/2020 | 11/57/3 | Admin TEAM Damir_Malka je promenio level garaze(ID:116) u 999
24/10/2020 | 11/57/45 | Admin TEAM Damir_Malka je promenio cenu garaze(ID:116) u 0
24/10/2020 | 11/57/50 | Admin TEAM Damir_Malka je promenio level garaze(ID:116) u 999
24/10/2020 | 12/0/13 | Admin TEAM Adis_Abeba je promenio cenu garaze(ID:118) u 0
24/10/2020 | 12/0/17 | Admin TEAM Adis_Abeba je promenio level garaze(ID:118) u 999
24/10/2020 | 12/1/1 | Admin TEAM Damir_Malka je promenio cenu garaze(ID:119) u 0
24/10/2020 | 12/1/6 | Admin TEAM Damir_Malka je promenio level garaze(ID:119) u 999
