24/10/2020 | 0/15/1 | Admin Ramox_Shaolin je izmenio level na firmi ID 8 u 999
24/10/2020 | 0/22/26 | Admin Ramox_Shaolin je izmenio cijenu na firmi ID 11 u 3000000
24/10/2020 | 0/22/38 | Admin Ramox_Shaolin je izmenio cijenu na firmi ID 11 u 3000000
24/10/2020 | 0/23/26 | Admin Ramox_Shaolin je izmenio level na firmi ID 11 u 8
24/10/2020 | 0/27/29 | Admin Ramox_Shaolin je izmenio cijenu na firmi ID 12 u 2500000
24/10/2020 | 0/29/28 | Admin Ramox_Shaolin je izmenio level na firmi ID 11 u 10
24/10/2020 | 0/29/36 | Admin Ramox_Shaolin je izmenio cijenu na firmi ID 11 u 3500000
24/10/2020 | 11/30/30 | Admin Ramox_Shaolin je izmenio level na firmi ID 12 u 8
24/10/2020 | 11/31/1 | Admin Ramox_Shaolin je izmenio cijenu na firmi ID 12 u 2500000
24/10/2020 | 11/31/10 | Admin Ramox_Shaolin je izmenio cijenu na firmi ID 12 u 2500000
24/10/2020 | 11/31/16 | Admin Ramox_Shaolin je izmenio cijenu na firmi ID 12 u 3500000
24/10/2020 | 12/14/10 | Admin AB3BA je izmenio level na firmi ID 1 u 999
24/10/2020 | 12/14/19 | Admin AB3BA je izmenio cijenu na firmi ID 1 u 0
24/10/2020 | 12/16/11 | Admin AB3BA je izmenio level na firmi ID 2 u 2500000
24/10/2020 | 12/16/12 | Admin AB3BA je izmenio level na firmi ID 2 u 2500000
24/10/2020 | 12/16/17 | Admin AB3BA je izmenio cijenu na firmi ID 2 u 8
24/10/2020 | 12/16/36 | Admin AB3BA je izmenio level na firmi ID 2 u 8
24/10/2020 | 12/16/37 | Admin AB3BA je izmenio level na firmi ID 2 u 8
24/10/2020 | 12/16/42 | Admin AB3BA je izmenio cijenu na firmi ID 2 u 2500000
24/10/2020 | 13/45/38 | Admin Lisa_Ann je izmenio level na firmi ID 3 u 8
24/10/2020 | 13/45/44 | Admin Lisa_Ann je izmenio cijenu na firmi ID 3 u 2500000
24/10/2020 | 13/47/52 | Admin Lisa_Ann je izmenio cijenu na firmi ID 4 u 750000
24/10/2020 | 13/49/19 | Admin Lisa_Ann je izmenio cijenu na firmi ID 5 u 750000
24/10/2020 | 13/50/4 | Admin Lisa_Ann je izmenio cijenu na firmi ID 4 u 500000
24/10/2020 | 13/51/31 | Admin Lisa_Ann je izmenio cijenu na firmi ID 6 u 750000
24/10/2020 | 13/52/23 | Admin Lisa_Ann je izmenio cijenu na firmi ID 7 u 750000
24/10/2020 | 13/52/32 | Admin Lisa_Ann je izmenio cijenu na firmi ID 7 u 750000
24/10/2020 | 13/52/48 | Admin Lisa_Ann je izmenio cijenu na firmi ID 7 u 750000
24/10/2020 | 13/54/22 | Admin Lisa_Ann je izmenio cijenu na firmi ID 8 u 400000
24/10/2020 | 13/55/30 | Admin Lisa_Ann je izmenio cijenu na firmi ID 9 u 400000
24/10/2020 | 13/56/34 | Admin Lisa_Ann je izmenio cijenu na firmi ID 11 u 500000
24/10/2020 | 14/1/37 | Admin Lisa_Ann je izmenio cijenu na firmi ID 12 u 400000
24/10/2020 | 14/10/33 | Admin Lisa_Ann je izmenio cijenu na firmi ID 16 u 250000
24/10/2020 | 14/11/31 | Admin Lisa_Ann je izmenio cijenu na firmi ID 17 u 350000
24/10/2020 | 14/14/7 | Admin Lisa_Ann je izmenio cijenu na firmi ID 18 u 500000
24/10/2020 | 14/17/21 | Admin Lisa_Ann je izmenio cijenu na firmi ID 19 u 350000
24/10/2020 | 14/20/3 | Admin Lisa_Ann je izmenio cijenu na firmi ID 20 u 500000
24/10/2020 | 14/21/12 | Admin Lisa_Ann je izmenio cijenu na firmi ID 20 u 5000000
24/10/2020 | 14/21/18 | Admin Lisa_Ann je izmenio cijenu na firmi ID 20 u 500000
24/10/2020 | 14/23/51 | Admin Lisa_Ann je izmenio cijenu na firmi ID 21 u 350000
24/10/2020 | 14/29/41 | Admin Lisa_Ann je izmenio cijenu na firmi ID 22 u 500000
24/10/2020 | 14/30/45 | Admin Ramox_Shaolin je izmenio cijenu na firmi ID 1 u 2
24/10/2020 | 14/36/14 | Admin Lisa_Ann je izmenio cijenu na firmi ID 23 u 1000000
24/10/2020 | 14/44/34 | Admin Lisa_Ann je izmenio cijenu na firmi ID 26 u 650000
24/10/2020 | 14/46/5 | Admin Lisa_Ann je izmenio cijenu na firmi ID 27 u 650000
24/10/2020 | 14/53/31 | Admin Lisa_Ann je izmenio cijenu na firmi ID 28 u 1500000
24/10/2020 | 15/5/23 | Admin Lisa_Ann je izmenio cijenu na firmi ID 29 u 1500000
24/10/2020 | 15/6/4 | Admin Lisa_Ann je izmenio cijenu na firmi ID 29 u 1500000
24/10/2020 | 15/7/55 | Admin Lisa_Ann je izmenio cijenu na firmi ID 30 u 1500000
24/10/2020 | 15/10/12 | Admin Lisa_Ann je izmenio cijenu na firmi ID 31 u 1500000
24/10/2020 | 15/11/47 | Admin Lisa_Ann je izmenio cijenu na firmi ID 32 u 1500000
24/10/2020 | 15/12/55 | Admin Lisa_Ann je izmenio cijenu na firmi ID 32 u 1500000
24/10/2020 | 15/17/24 | Admin Lisa_Ann je izmenio cijenu na firmi ID 33 u 1500000
24/10/2020 | 15/17/49 | Admin Lisa_Ann je izmenio cijenu na firmi ID 33 u 1500000
24/10/2020 | 15/19/0 | Admin Lisa_Ann je izmenio cijenu na firmi ID 34 u 1500000
