22/10/2020 | 15/12/58 | Admin Miami_Brown je fineovao igraca Carson_Wolf | Novac: -1000000
22/10/2020 | 15/13/2 | Admin Miami_Brown je fineovao igraca Carson_Wolf | Novac: -1000000
22/10/2020 | 15/13/2 | Admin Miami_Brown je fineovao igraca Carson_Wolf | Novac: -1000000
22/10/2020 | 15/13/3 | Admin Miami_Brown je fineovao igraca Carson_Wolf | Novac: -1000000
22/10/2020 | 15/13/3 | Admin Miami_Brown je fineovao igraca Carson_Wolf | Novac: -1000000
22/10/2020 | 15/13/5 | Admin Miami_Brown je fineovao igraca Carson_Wolf | Novac: -1000000
22/10/2020 | 15/13/5 | Admin Miami_Brown je fineovao igraca Carson_Wolf | Novac: -1000000
22/10/2020 | 15/13/6 | Admin Miami_Brown je fineovao igraca Carson_Wolf | Novac: -1000000
22/10/2020 | 15/13/6 | Admin Miami_Brown je fineovao igraca Carson_Wolf | Novac: -1000000
22/10/2020 | 15/13/6 | Admin Miami_Brown je fineovao igraca Carson_Wolf | Novac: -1000000
22/10/2020 | 15/13/7 | Admin Miami_Brown je fineovao igraca Carson_Wolf | Novac: -1000000
22/10/2020 | 15/13/7 | Admin Miami_Brown je fineovao igraca Carson_Wolf | Novac: -1000000
22/10/2020 | 15/13/8 | Admin Miami_Brown je fineovao igraca Carson_Wolf | Novac: -1000000
22/10/2020 | 15/13/8 | Admin Miami_Brown je fineovao igraca Carson_Wolf | Novac: -1000000
22/10/2020 | 15/13/8 | Admin Miami_Brown je fineovao igraca Carson_Wolf | Novac: -1000000
22/10/2020 | 15/13/9 | Admin Miami_Brown je fineovao igraca Carson_Wolf | Novac: -1000000
22/10/2020 | 15/13/9 | Admin Miami_Brown je fineovao igraca Carson_Wolf | Novac: -1000000
22/10/2020 | 15/13/9 | Admin Miami_Brown je fineovao igraca Carson_Wolf | Novac: -1000000
22/10/2020 | 15/13/10 | Admin Miami_Brown je fineovao igraca Carson_Wolf | Novac: -1000000
22/10/2020 | 15/13/15 | Admin Miami_Brown je fineovao igraca Carson_Wolf | Novac: -1000000
22/10/2020 | 15/13/16 | Admin Miami_Brown je fineovao igraca Carson_Wolf | Novac: -1000000
22/10/2020 | 15/13/16 | Admin Miami_Brown je fineovao igraca Carson_Wolf | Novac: -1000000
22/10/2020 | 15/13/16 | Admin Miami_Brown je fineovao igraca Carson_Wolf | Novac: -1000000
22/10/2020 | 15/13/17 | Admin Miami_Brown je fineovao igraca Carson_Wolf | Novac: -1000000
22/10/2020 | 15/13/17 | Admin Miami_Brown je fineovao igraca Carson_Wolf | Novac: -1000000
22/10/2020 | 15/13/17 | Admin Miami_Brown je fineovao igraca Carson_Wolf | Novac: -1000000
22/10/2020 | 15/13/18 | Admin Miami_Brown je fineovao igraca Carson_Wolf | Novac: -1000000
22/10/2020 | 15/13/18 | Admin Miami_Brown je fineovao igraca Carson_Wolf | Novac: -1000000
22/10/2020 | 15/13/18 | Admin Miami_Brown je fineovao igraca Carson_Wolf | Novac: -1000000
22/10/2020 | 15/13/18 | Admin Miami_Brown je fineovao igraca Carson_Wolf | Novac: -1000000
22/10/2020 | 15/13/19 | Admin Miami_Brown je fineovao igraca Carson_Wolf | Novac: -1000000
22/10/2020 | 15/13/19 | Admin Miami_Brown je fineovao igraca Carson_Wolf | Novac: -1000000
22/10/2020 | 15/13/19 | Admin Miami_Brown je fineovao igraca Carson_Wolf | Novac: -1000000
22/10/2020 | 15/13/20 | Admin Miami_Brown je fineovao igraca Carson_Wolf | Novac: -1000000
22/10/2020 | 15/13/20 | Admin Miami_Brown je fineovao igraca Carson_Wolf | Novac: -1000000
22/10/2020 | 15/13/20 | Admin Miami_Brown je fineovao igraca Carson_Wolf | Novac: -1000000
22/10/2020 | 15/31/43 | Admin ramoxshaolin je fineovao igraca Carson | Novac: -1000
22/10/2020 | 15/31/44 | Admin ramoxshaolin je fineovao igraca Carson | Novac: -1000
22/10/2020 | 15/31/44 | Admin ramoxshaolin je fineovao igraca Carson | Novac: -1000
22/10/2020 | 15/31/44 | Admin ramoxshaolin je fineovao igraca Carson | Novac: -1000
22/10/2020 | 15/31/45 | Admin ramoxshaolin je fineovao igraca Carson | Novac: -1000
22/10/2020 | 15/31/45 | Admin ramoxshaolin je fineovao igraca Carson | Novac: -1000
22/10/2020 | 15/31/45 | Admin ramoxshaolin je fineovao igraca Carson | Novac: -1000
22/10/2020 | 15/31/57 | Admin ramoxshaolin je fineovao igraca Carson | Novac: -100000
22/10/2020 | 15/31/59 | Admin ramoxshaolin je fineovao igraca Carson | Novac: -1000000
22/10/2020 | 15/32/0 | Admin ramoxshaolin je fineovao igraca Carson | Novac: -1000000
22/10/2020 | 15/32/0 | Admin ramoxshaolin je fineovao igraca Carson | Novac: -1000000
22/10/2020 | 15/32/0 | Admin ramoxshaolin je fineovao igraca Carson | Novac: -1000000
22/10/2020 | 15/32/1 | Admin ramoxshaolin je fineovao igraca Carson | Novac: -1000000
22/10/2020 | 15/32/1 | Admin ramoxshaolin je fineovao igraca Carson | Novac: -1000000
22/10/2020 | 15/32/1 | Admin ramoxshaolin je fineovao igraca Carson | Novac: -1000000
22/10/2020 | 15/32/1 | Admin Xavi je fineovao igraca ramoxshaolin | Novac: -1000000
22/10/2020 | 15/32/2 | Admin ramoxshaolin je fineovao igraca Carson | Novac: -1000000
22/10/2020 | 15/32/2 | Admin Xavi je fineovao igraca ramoxshaolin | Novac: -1000000
22/10/2020 | 15/32/2 | Admin ramoxshaolin je fineovao igraca Carson | Novac: -1000000
22/10/2020 | 15/32/2 | Admin ramoxshaolin je fineovao igraca Carson | Novac: -1000000
22/10/2020 | 15/32/2 | Admin Xavi je fineovao igraca ramoxshaolin | Novac: -1000000
22/10/2020 | 15/32/2 | Admin ramoxshaolin je fineovao igraca Carson | Novac: -1000000
22/10/2020 | 15/32/3 | Admin Xavi je fineovao igraca ramoxshaolin | Novac: -1000000
22/10/2020 | 15/32/3 | Admin ramoxshaolin je fineovao igraca Carson | Novac: -1000000
22/10/2020 | 15/32/3 | Admin ramoxshaolin je fineovao igraca Carson | Novac: -1000000
22/10/2020 | 15/32/3 | Admin Xavi je fineovao igraca ramoxshaolin | Novac: -1000000
22/10/2020 | 15/32/3 | Admin ramoxshaolin je fineovao igraca Carson | Novac: -1000000
22/10/2020 | 15/32/3 | Admin Xavi je fineovao igraca ramoxshaolin | Novac: -1000000
22/10/2020 | 15/32/4 | Admin ramoxshaolin je fineovao igraca Carson | Novac: -1000000
22/10/2020 | 15/32/4 | Admin Xavi je fineovao igraca ramoxshaolin | Novac: -1000000
22/10/2020 | 15/32/4 | Admin ramoxshaolin je fineovao igraca Carson | Novac: -1000000
22/10/2020 | 15/32/4 | Admin Xavi je fineovao igraca ramoxshaolin | Novac: -1000000
22/10/2020 | 15/32/4 | Admin ramoxshaolin je fineovao igraca Carson | Novac: -1000000
22/10/2020 | 15/32/4 | Admin Xavi je fineovao igraca ramoxshaolin | Novac: -1000000
22/10/2020 | 15/32/5 | Admin Xavi je fineovao igraca ramoxshaolin | Novac: -1000000
22/10/2020 | 15/32/5 | Admin Xavi je fineovao igraca ramoxshaolin | Novac: -1000000
22/10/2020 | 15/32/6 | Admin Xavi je fineovao igraca ramoxshaolin | Novac: -1000000
22/10/2020 | 15/32/6 | Admin Xavi je fineovao igraca ramoxshaolin | Novac: -1000000
22/10/2020 | 15/32/6 | Admin Xavi je fineovao igraca ramoxshaolin | Novac: -1000000
22/10/2020 | 15/32/10 | Admin ramoxshaolin je fineovao igraca Carson | Novac: -1000000
22/10/2020 | 15/32/10 | Admin ramoxshaolin je fineovao igraca Carson | Novac: -1000000
22/10/2020 | 15/32/10 | Admin ramoxshaolin je fineovao igraca Carson | Novac: -1000000
22/10/2020 | 15/32/11 | Admin ramoxshaolin je fineovao igraca Carson | Novac: -1000000
22/10/2020 | 15/32/11 | Admin ramoxshaolin je fineovao igraca Carson | Novac: -1000000
22/10/2020 | 15/32/11 | Admin ramoxshaolin je fineovao igraca Carson | Novac: -1000000
22/10/2020 | 15/32/12 | Admin ramoxshaolin je fineovao igraca Carson | Novac: -1000000
22/10/2020 | 15/32/12 | Admin ramoxshaolin je fineovao igraca Carson | Novac: -1000000
22/10/2020 | 15/32/12 | Admin ramoxshaolin je fineovao igraca Carson | Novac: -1000000
22/10/2020 | 15/32/13 | Admin ramoxshaolin je fineovao igraca Carson | Novac: -1000000
22/10/2020 | 15/32/13 | Admin ramoxshaolin je fineovao igraca Carson | Novac: -1000000
22/10/2020 | 15/32/13 | Admin ramoxshaolin je fineovao igraca Carson | Novac: -1000000
22/10/2020 | 15/32/14 | Admin ramoxshaolin je fineovao igraca Carson | Novac: -1000000
22/10/2020 | 15/32/14 | Admin ramoxshaolin je fineovao igraca Carson | Novac: -1000000
22/10/2020 | 15/32/14 | Admin ramoxshaolin je fineovao igraca Carson | Novac: -1000000
22/10/2020 | 15/32/15 | Admin ramoxshaolin je fineovao igraca Carson | Novac: -1000000
22/10/2020 | 15/32/15 | Admin ramoxshaolin je fineovao igraca Carson | Novac: -1000000
22/10/2020 | 15/32/15 | Admin ramoxshaolin je fineovao igraca Carson | Novac: -1000000
22/10/2020 | 15/32/15 | Admin ramoxshaolin je fineovao igraca Carson | Novac: -1000000
22/10/2020 | 15/32/16 | Admin ramoxshaolin je fineovao igraca Carson | Novac: -1000000
22/10/2020 | 15/32/16 | Admin ramoxshaolin je fineovao igraca Carson | Novac: -1000000
22/10/2020 | 15/32/16 | Admin ramoxshaolin je fineovao igraca Carson | Novac: -1000000
22/10/2020 | 15/32/17 | Admin ramoxshaolin je fineovao igraca Carson | Novac: -1000000
22/10/2020 | 15/32/17 | Admin ramoxshaolin je fineovao igraca Carson | Novac: -1000000
22/10/2020 | 15/32/17 | Admin ramoxshaolin je fineovao igraca Carson | Novac: -1000000
22/10/2020 | 15/32/17 | Admin ramoxshaolin je fineovao igraca Carson | Novac: -1000000
22/10/2020 | 15/32/18 | Admin ramoxshaolin je fineovao igraca Carson | Novac: -1000000
23/10/2020 | 20/51/32 | Admin Adis_Abeba je fineovao igraca Damir_Malka | Novac: -1
24/10/2020 | 10/39/25 | Admin Adis_Abeba je fineovao igraca Damir_Malka | Novac: -1000000
24/10/2020 | 21/35/41 | Admin Ramox je fineovao igraca Aldiin_Smith | Novac: -50000
