6/3/2020 | 13/33/35 | Admin V01D je dao 999999999$ igracu V01D.
22/10/2020 | 15/16/58 | Admin Miami_Brown je dao 1$ igracu Miami_Brown.
22/10/2020 | 15/32/26 | Admin ramoxshaolin je dao 50000000$ igracu ramoxshaolin.
22/10/2020 | 15/32/27 | Admin ramoxshaolin je dao 50000000$ igracu ramoxshaolin.
22/10/2020 | 16/3/39 | Admin Miami_Brown je dao -1$ igracu Miami_Brown.
22/10/2020 | 16/3/43 | Admin Miami_Brown je dao -1569325056$ igracu Miami_Brown.
22/10/2020 | 16/24/48 | Admin Mateja_Brown je dao 470000000$ igracu Mateja_Brown.
22/10/2020 | 16/36/47 | Admin Mateja_Brown je dao 10000000$ igracu Mateja_Brown.
22/10/2020 | 17/55/13 | Admin Xavi je dao 10000000$ igracu Vedran_Cappone.
22/10/2020 | 17/55/23 | Admin Xavi je dao 10000000$ igracu Xavi.
22/10/2020 | 19/58/2 | Admin Zift je dao 2000000$ igracu Zift.
22/10/2020 | 20/15/34 | Admin Fredy_Wiliams je dao 20000$ igracu Fredy_Wiliams.
22/10/2020 | 20/22/42 | Admin Fredy_Wiliams je dao 700000$ igracu Fredy_Wiliams.
22/10/2020 | 20/57/54 | Admin Fredy_Wiliams je dao 0$ igracu Fredy_Wiliams.
23/10/2020 | 11/31/18 | Admin Mateja_Brown je dao 10000000$ igracu Mateja_Brown.
23/10/2020 | 15/12/14 | Admin Ramox_Shaolin je dao 20000$ igracu Sasa_Ilic.
23/10/2020 | 15/12/14 | Admin Ramox_Shaolin je dao 20000$ igracu Sasa_Ilic.
23/10/2020 | 15/12/14 | Admin Ramox_Shaolin je dao 20000$ igracu Sasa_Ilic.
23/10/2020 | 16/50/19 | Admin Shile_Wagger je dao 1$ igracu Shile_Wagger.
23/10/2020 | 16/50/24 | Admin Shile_Wagger je dao 1$ igracu Shile_Wagger.
23/10/2020 | 16/50/31 | Admin Shile_Wagger je dao -1$ igracu Shile_Wagger.
23/10/2020 | 16/50/39 | Admin Shile_Wagger je dao 0$ igracu Shile_Wagger.
23/10/2020 | 16/53/46 | Admin Shile_Wagger je dao 99999999$ igracu Shile_Wagger.
23/10/2020 | 16/54/2 | Admin Shile_Wagger je dao -99999999$ igracu Shile_Wagger.
23/10/2020 | 18/12/19 | Admin Shile_Wagger je dao 1$ igracu Shile_Wagger.
23/10/2020 | 20/49/58 | Admin Adis_Abeba je dao 15000$ igracu Adis_Abeba.
23/10/2020 | 20/50/21 | Admin Ramox_Shaolin je dao 50000$ igracu Adis_Abeba.
23/10/2020 | 20/50/24 | Admin Ramox_Shaolin je dao 50000$ igracu Adis_Abeba.
23/10/2020 | 20/50/25 | Admin Ramox_Shaolin je dao 50000$ igracu Adis_Abeba.
23/10/2020 | 20/50/25 | Admin Ramox_Shaolin je dao 50000$ igracu Adis_Abeba.
24/10/2020 | 0/55/41 | Admin Adis_Abeba je dao 80000$ igracu Damke_Konjko.
24/10/2020 | 0/55/45 | Admin Adis_Abeba je dao 80000$ igracu Ramox_Svemirko.
24/10/2020 | 1/40/24 | Admin El_Profesor je dao 100000$ igracu El_Profesor.
24/10/2020 | 1/40/44 | Admin El_Profesor je dao 1000000$ igracu El_Profesor.
24/10/2020 | 8/41/24 | Admin Xavi je dao 1000000$ igracu Bandula_Ballano.
24/10/2020 | 8/42/3 | Admin Moskri je dao 100000000$ igracu Moskri.
24/10/2020 | 14/27/51 | Admin Ramox_Shaolin je dao 100000$ igracu Stefke_Boss.
24/10/2020 | 20/11/42 | Admin tkd je dao 20000$ igracu tkd.
25/10/2020 | 9/43/46 | Admin tkd je dao 5000$ igracu tkd.
25/10/2020 | 12/55/56 | Admin Ramox je dao 250000$ igracu Adis_Pacowsky.
25/10/2020 | 12/56/58 | Admin Ramox je dao 500000$ igracu Ramox.
21/11/2020 | 13/28/15 | Admin V01D je dao 50000$ igracu V01D.
21/11/2020 | 13/28/16 | Admin V01D je dao 50000$ igracu V01D.
1/6/2021 | 1/2/2 | Admin V01D je dao 800000$ igracu V01D.
24/6/2021 | 9/32/19 | Admin V01D je dao 850000$ igracu V01D.
25/6/2021 | 9/36/27 | Admin V01D je dao 5$ igracu V01D.
25/6/2021 | 9/36/29 | Admin V01D je dao 20$ igracu V01D.
25/6/2021 | 9/36/41 | Admin V01D je dao -5$ igracu V01D.
25/6/2021 | 9/36/55 | Admin V01D je dao 150$ igracu V01D.
25/6/2021 | 9/37/2 | Admin V01D je dao -150$ igracu V01D.
25/10/2021 | 15/26/46 | Admin V01D je dao 5000000$ igracu V01D.
31/10/2021 | 1/6/24 | Admin V01D je dao 5$ igracu V01D.
31/10/2021 | 1/8/12 | Admin V01D je dao 500$ igracu V01D.
