22/10/2020 | 19/30/28 | Admin El_Profesor je kikovao igraca Vedran_Cappone | Razlog: Relog
23/10/2020 | 20/59/58 | Admin Bizze_Hodza je kikovao igraca Ramox_Shaolin | Razlog: smrad
23/10/2020 | 22/29/32 | Admin Ramox_Shaolin je kikovao igraca Adis_Abeba | Razlog: a
24/10/2020 | 10/16/56 | Admin Moskri je kikovao igraca Mateja_Brown | Razlog: jebala te kola
24/10/2020 | 11/31/53 | Admin Ramox_Shaolin je kikovao igraca Xavi | Razlog: relog
24/10/2020 | 14/25/36 | Admin Ramox_Shaolin je kikovao igraca Mateja_Brown | Razlog: relog
24/10/2020 | 18/41/11 | Admin Ramox_Shaolin je kikovao igraca Roma_Diaz | Razlog: relog
24/10/2020 | 18/45/3 | Admin El_Profesor je kikovao igraca Twistzz_Sarrabuzzi | Razlog: posle
24/10/2020 | 18/47/50 | Admin El_Profesor je kikovao igraca Somi_Martinez | Razlog: .
24/10/2020 | 18/47/53 | Admin El_Profesor je kikovao igraca Jovan_Sindjelic | Razlog: .
24/10/2020 | 18/49/30 | Admin El_Profesor je kikovao igraca Lazojka_Donn | Razlog: ee
24/10/2020 | 18/49/41 | Admin El_Profesor je kikovao igraca Aga_Zhao | Razlog: .
24/10/2020 | 19/38/23 | Admin jasonR je kikovao igraca Damir_Malka | Razlog: .
24/10/2020 | 20/20/17 | Admin Zlatan_Music je kikovao igraca Edox_Korely | Razlog: Relog
24/10/2020 | 20/51/17 | Admin tkd je kikovao igraca Walter_White | Razlog: 1
25/10/2020 | 8/52/33 | Admin tkd je kikovao igraca Ahmed_Pacowsky | Razlog: Relog
25/10/2020 | 9/9/58 | Admin tkd je kikovao igraca Roma_Diaz | Razlog: relog
25/10/2020 | 9/40/36 | Admin Xavi je kikovao igraca Staklenzi_Wright | Razlog: RLEOG
25/10/2020 | 10/39/44 | Admin jasonR je kikovao igraca Staklenzi_Wright | Razlog: .
25/10/2020 | 11/29/15 | Admin V01D je kikovao igraca Adis_Pacowsky | Razlog: Relog
25/10/2020 | 12/32/58 | Admin Ramox je kikovao igraca Hasib_Pibee | Razlog: relog
25/10/2020 | 12/39/53 | Admin Ramox je kikovao igraca Olxx_Pacowsky | Razlog: relog
