22/9/2020 | 13/46/34 | Admin Void_Darlinggg | Igrac: Void_Darlinggg | Level Admin-a: 7
22/10/2020 | 13/40/37 | Admin V01D | Igrac: El_Profesor | Level Admin-a: 7
22/10/2020 | 13/44/44 | Admin V01D | Igrac: Miami_Brown | Level Admin-a: 7
22/10/2020 | 13/51/16 | Admin V01D | Igrac: Fredy_Wiliams | Level Admin-a: 7
22/10/2020 | 14/5/8 | Admin V01D | Igrac: Mikri_Maus | Level Admin-a: 5
22/10/2020 | 14/5/13 | Admin V01D | Igrac: Mikri_Maus | Level Admin-a: 1
22/10/2020 | 14/8/33 | Admin Miami_Brown | Igrac: Mikri_Maus | Level Admin-a: 3
22/10/2020 | 14/8/34 | Admin El_Profesor | Igrac: Mikri_Maus | Level Admin-a: 2
22/10/2020 | 14/8/56 | Admin El_Profesor | Igrac: Mikri_Maus | Level Admin-a: 4
22/10/2020 | 14/36/32 | Admin Miami_Brown | Igrac: Ramox_Shaolin | Level Admin-a: 7
22/10/2020 | 14/40/1 | Admin Miami_Brown | Igrac: Carson_Wolf | Level Admin-a: 7
22/10/2020 | 15/23/15 | Admin El_Profesor | Igrac: Simec_Wells | Level Admin-a: 7
22/10/2020 | 15/28/12 | Admin Xavi | Igrac: Xavi | Level Admin-a: 7
22/10/2020 | 16/15/48 | Admin El_Profesor | Igrac: Krv_Nije_Voda | Level Admin-a: 2
22/10/2020 | 16/19/43 | Admin ramoxshaolin | Igrac: Krv_Nije_Voda | Level Admin-a: 7
22/10/2020 | 16/21/8 | Admin El_Profesor | Igrac: El_Profesor | Level Admin: 0
22/10/2020 | 16/21/23 | Admin El_Profesor | Igrac: El_Profesor | Level Admin-a: 1
22/10/2020 | 16/22/44 | Admin El_Profesor | Igrac: Shile_Wagger | Level Admin-a: 5
22/10/2020 | 16/22/53 | Admin El_Profesor | Igrac: El_Profesor | Level Admin-a: 7
22/10/2020 | 19/26/5 | Admin tkd | Igrac: Funzy_Trb | Level Admin-a: 7
22/10/2020 | 19/33/21 | Admin tkd | Igrac: ZIFT_BREEEE | Level Admin-a: 7
22/10/2020 | 19/36/29 | Admin El_Profesor | Igrac: Zlatan_Music | Level Admin-a: 1
22/10/2020 | 20/44/31 | Admin Fredy_Wiliams | Igrac: Twistzz_Sarrabuzzi | Level Admin-a: 1
22/10/2020 | 20/44/41 | Admin Fredy_Wiliams | Igrac: Twistzz_Sarrabuzzi | Level Admin-a: 2
22/10/2020 | 20/45/5 | Admin Fredy_Wiliams | Igrac: Twistzz_Sarrabuzzi | Level Admin-a: 1
22/10/2020 | 20/45/18 | Admin Fredy_Wiliams | Igrac: Twistzz_Sarrabuzzi | Level Admin-a: 3
22/10/2020 | 20/45/47 | Admin Fredy_Wiliams | Igrac: Moskri_Peconi | Level Admin-a: 4
22/10/2020 | 20/45/51 | Admin Fredy_Wiliams | Igrac: Moskri_Peconi | Level Admin-a: 4
23/10/2020 | 14/14/34 | Admin Ramox_Shaolin | Igrac: Ramox_Shaolin | Level Admin-a: 7
23/10/2020 | 14/22/58 | Admin Shile_Wagger | Igrac: Shile_Wagger | Level Admin-a: 7
23/10/2020 | 14/50/7 | Admin Mateja_Brown | Igrac: Sasa_Ilic | Level Admin-a: 1
23/10/2020 | 14/50/35 | Admin Ramox_Shaolin | Igrac: Shile_Wagger | Level Admin: 0
23/10/2020 | 14/51/18 | Admin Shile_Wagger | Igrac: Shile_Wagger | Level Admin-a: 1
23/10/2020 | 14/52/17 | Admin Shile_Wagger | Igrac: Shile_Wagger | Level Admin-a: 7
23/10/2020 | 14/52/18 | Admin Mateja_Brown | Igrac: Shile_Wagger | Level Admin-a: 7
23/10/2020 | 14/52/27 | Admin Mateja_Brown | Igrac: Sasa_Ilic | Level Admin-a: 1
23/10/2020 | 15/51/53 | Admin Shile_Wagger | Igrac: Sasa_Ilic | Level Admin-a: 7
23/10/2020 | 15/52/3 | Admin Shile_Wagger | Igrac: Sasa_Ilic | Level Admin-a: 1
23/10/2020 | 19/57/52 | Admin JJakovljevic_Don | Igrac: JJakovljevic_Don | Level Admin-a: 7
23/10/2020 | 19/58/35 | Admin JJakovljevic_Don | Igrac: Lazojka_Donn | Level Admin-a: 7
23/10/2020 | 20/5/40 | Admin Mateja_Brown | Igrac: Sasa_Ilic | Level Admin-a: 7
23/10/2020 | 20/42/57 | Admin Adis_Abeba | Igrac: Adis_Abeba | Level Admin-a: 7
23/10/2020 | 20/59/11 | Admin El_Profesor | Igrac: Bizze_Hodza | Level Admin-a: 7
23/10/2020 | 21/7/44 | Admin Ramox_Shaolin | Igrac: Damir_Malka | Level Admin-a: 4
23/10/2020 | 21/17/48 | Admin Adis_Abeba | Igrac: Damir_Malka | Level Admin-a: 7
23/10/2020 | 21/17/51 | Admin Adis_Abeba | Igrac: Damir_Malka | Level Admin-a: 7
23/10/2020 | 22/18/50 | Admin Ramox_Shaolin | Igrac: Ramox_Shaolin | Level Admin: 0
23/10/2020 | 22/25/36 | Admin Damir_Malka | Igrac: Adis_Abeba | Level Admin: 0
23/10/2020 | 22/27/29 | Admin Adis_Abeba | Igrac: Adis_Abeba | Level Admin-a: 7
23/10/2020 | 22/29/0 | Admin Damir_Malka | Igrac: Adis_Abeba | Level Admin: 0
23/10/2020 | 22/31/53 | Admin Adis_Abeba | Igrac: Adis_Abeba | Level Admin-a: 7
23/10/2020 | 22/32/45 | Admin Ramox_Shaolin | Igrac: Ramox_Shaolin | Level Admin-a: 7
23/10/2020 | 22/46/59 | Admin Ramox_Shaolin | Igrac: Marko_Smolovic | Level Admin-a: 5
23/10/2020 | 22/47/2 | Admin Ramox_Shaolin | Igrac: Marko_Smolovic | Level Admin-a: 4
24/10/2020 | 23/54/45 | Admin Adis_Abeba | Igrac: Mikri_Maus | Level Admin-a: 1
24/10/2020 | 23/55/4 | Admin Adis_Abeba | Igrac: Mikri_Maus | Level Admin-a: 1
24/10/2020 | 1/4/8 | Admin Ramox_Svemirko | Igrac: Ramox_Svemirko | Level Admin-a: 7
24/10/2020 | 8/35/26 | Admin Shile_Wagger | Igrac: Moskri | Level Admin-a: 7
24/10/2020 | 9/12/20 | Admin Shile_Wagger | Igrac: Shile_Wagger | Level Admin: 0
24/10/2020 | 9/12/34 | Admin Shile_Wagger | Igrac: Shile_Wagger | Level Admin-a: 7
24/10/2020 | 10/12/38 | Admin Adis_Abeba | Igrac: Shile_Wagger | Level Admin-a: 5
24/10/2020 | 11/5/53 | Admin Xavi | Igrac: Ramox_Shaolin | Level Admin: 0
24/10/2020 | 11/7/26 | Admin Ramox_Shaolin | Igrac: Ramox_Shaolin | Level Admin-a: 7
24/10/2020 | 11/9/12 | Admin Ramox_Shaolin | Igrac: Xavi | Level Admin: 0
24/10/2020 | 11/9/32 | Admin Ramox_Shaolin | Igrac: Ramox_Shaolin | Level Admin: 0
24/10/2020 | 11/10/59 | Admin Damir_Malka | Igrac: Xavi | Level Admin-a: 7
24/10/2020 | 11/11/25 | Admin Ramox_Shaolin | Igrac: Ramox_Shaolin | Level Admin-a: 7
24/10/2020 | 11/12/0 | Admin Ramox_Shaolin | Igrac: Xavi | Level Admin: 0
24/10/2020 | 11/13/54 | Admin Ramox_Shaolin | Igrac: Xavi | Level Admin-a: 1
24/10/2020 | 11/13/56 | Admin Ramox_Shaolin | Igrac: Xavi | Level Admin-a: 2
24/10/2020 | 11/14/31 | Admin Ramox_Shaolin | Igrac: Xavi | Level Admin-a: 7
24/10/2020 | 11/21/15 | Admin Ramox_Shaolin | Igrac: Xavi | Level Admin: 0
24/10/2020 | 11/22/47 | Admin Damir_Malka | Igrac: Xavi | Level Admin-a: 7
24/10/2020 | 11/23/12 | Admin Damir_Malka | Igrac: Xavi | Level Admin: 0
24/10/2020 | 11/23/20 | Admin Damir_Malka | Igrac: Xavi | Level Admin-a: 7
24/10/2020 | 11/30/16 | Admin Carson | Igrac: Mekovski_Cappone | Level Admin-a: 1
24/10/2020 | 11/34/16 | Admin Damir_Malka | Igrac: Xavi | Level Admin: 0
24/10/2020 | 13/43/19 | Admin Ramox_Shaolin | Igrac: Xavi | Level Admin-a: 1
24/10/2020 | 13/43/20 | Admin Ramox_Shaolin | Igrac: Xavi | Level Admin-a: 2
24/10/2020 | 14/25/11 | Admin Ramox_Shaolin | Igrac: Mateja_Brown | Level Admin-a: 1
24/10/2020 | 14/45/14 | Admin Damir_Malka | Igrac: Shile_Wagger | Level Admin-a: 6
24/10/2020 | 15/56/53 | Admin Lisa_Ann | Igrac: Damir_Malka | Level Admin: 0
24/10/2020 | 15/58/19 | Admin Damir_Malka | Igrac: Damir_Malka | Level Admin-a: 7
24/10/2020 | 15/59/4 | Admin Damir_Malka | Igrac: Damir_Malka | Level Admin: 0
24/10/2020 | 16/2/37 | Admin Damir_Malka | Igrac: Damir_Malka | Level Admin-a: 7
24/10/2020 | 16/35/49 | Admin El_Profesor | Igrac: Sasa_Ilic | Level Admin-a: 1
24/10/2020 | 17/24/58 | Admin Damir_Malka | Igrac: JJakovljevic_Don | Level Admin: 0
24/10/2020 | 17/27/3 | Admin JJakovljevic_Don | Igrac: JJakovljevic_Don | Level Admin-a: 7
24/10/2020 | 17/29/11 | Admin El_Profesor | Igrac: Mekovski_Cappone | Level Admin-a: 1
24/10/2020 | 17/52/9 | Admin Tkd_Lukin | Igrac: Tkd_Lukin | Level Admin-a: 7
24/10/2020 | 18/0/26 | Admin Lisa_Ann | Igrac: Lisa_Ann | Level Admin: 0
24/10/2020 | 18/4/49 | Admin Lisa_Ann | Igrac: Lisa_Ann | Level Admin-a: 7
24/10/2020 | 18/6/37 | Admin Lisa_Ann | Igrac: Lisa_Ann | Level Admin: 0
24/10/2020 | 18/7/39 | Admin Lisa_Ann | Igrac: Lisa_Ann | Level Admin-a: 7
24/10/2020 | 18/8/29 | Admin Lisa_Ann | Igrac: Lisa_Ann | Level Admin-a: 7
24/10/2020 | 18/8/31 | Admin Lisa_Ann | Igrac: Lisa_Ann | Level Admin-a: 1
24/10/2020 | 18/8/33 | Admin Lisa_Ann | Igrac: Lisa_Ann | Level Admin: 0
24/10/2020 | 18/15/33 | Admin Tkd_Lukin | Igrac: Tkd_Lukin | Level Admin-a: 7
24/10/2020 | 18/17/39 | Admin Lisa_Ann | Igrac: Lisa_Ann | Level Admin-a: 7
24/10/2020 | 18/18/29 | Admin Damir_Malka | Igrac: Damir_Malka | Level Admin-a: 7
24/10/2020 | 18/18/42 | Admin Lisa_Ann | Igrac: Lisa_Ann | Level Admin: 0
24/10/2020 | 18/21/43 | Admin El_Profesor | Igrac: El_Profesor | Level Admin-a: 7
24/10/2020 | 18/24/9 | Admin Lisa_Ann | Igrac: Lisa_Ann | Level Admin-a: 7
24/10/2020 | 18/27/0 | Admin El_Profesor | Igrac: Carson_Wolf | Level Admin-a: 1
24/10/2020 | 18/27/16 | Admin El_Profesor | Igrac: Jason_Remington | Level Admin-a: 7
24/10/2020 | 18/27/18 | Admin Lisa_Ann | Igrac: Funzy_Trb | Level Admin-a: 7
24/10/2020 | 18/27/22 | Admin El_Profesor | Igrac: Funzy_Trb | Level Admin-a: 7
24/10/2020 | 18/28/30 | Admin Jason_Remington | Igrac: Carson_Wolf | Level Admin-a: 7
24/10/2020 | 18/28/50 | Admin Jakovljevic_Don | Igrac: Jakovljevic_Don | Level Admin-a: 7
24/10/2020 | 18/29/6 | Admin Jakovljevic_Don | Igrac: Ramox_Shaolin | Level Admin-a: 7
24/10/2020 | 18/35/2 | Admin Funzy_Trb | Igrac: Shile_Wagger | Level Admin-a: 1
24/10/2020 | 18/38/50 | Admin El_Profesor | Igrac: Simec_Wells | Level Admin-a: 1
24/10/2020 | 18/39/46 | Admin El_Profesor | Igrac: Fredy_Wiliams | Level Admin-a: 3
24/10/2020 | 18/50/10 | Admin El_Profesor | Igrac: Mikri_Maus | Level Admin-a: 1
24/10/2020 | 18/50/21 | Admin El_Profesor | Igrac: Mekovski_Cappone | Level Admin-a: 1
24/10/2020 | 18/51/21 | Admin El_Profesor | Igrac: Lukica_Benzin | Level Admin-a: 1
24/10/2020 | 19/1/6 | Admin funzy | Igrac: Milos_Scope | Level Admin-a: 1
24/10/2020 | 19/5/42 | Admin funzy | Igrac: Twistzz_Sarrabuzzi | Level Admin-a: 1
24/10/2020 | 19/7/20 | Admin funzy | Igrac: Zlatan_Music | Level Admin-a: 1
24/10/2020 | 19/8/34 | Admin funzy | Igrac: Sasa_Ilic | Level Admin-a: 1
24/10/2020 | 19/15/9 | Admin Ramox_Shaolin | Igrac: Vitoslav_Minotaur | Level Admin-a: 1
24/10/2020 | 19/27/14 | Admin funzy | Igrac: Blazic_Destigo | Level Admin-a: 1
24/10/2020 | 20/35/6 | Admin Ramox_Shaolin | Igrac: Lisa_Ann | Level Admin-a: 1
24/10/2020 | 20/36/4 | Admin Ramox_Shaolin | Igrac: funzy | Level Admin-a: 5
24/10/2020 | 20/36/12 | Admin Lisa_Ann | Igrac: Lisa_Ann | Level Admin-a: 7
24/10/2020 | 20/36/39 | Admin Ramox_Shaolin | Igrac: Lisa_Ann | Level Admin: 0
24/10/2020 | 20/36/40 | Admin Ramox_Shaolin | Igrac: Lisa_Ann | Level Admin-a: 1
24/10/2020 | 20/36/44 | Admin Ramox_Shaolin | Igrac: funzy | Level Admin: 0
24/10/2020 | 20/36/47 | Admin Ramox_Shaolin | Igrac: funzy | Level Admin-a: 5
24/10/2020 | 20/36/57 | Admin Ramox_Shaolin | Igrac: tkd | Level Admin-a: 3
24/10/2020 | 20/37/12 | Admin tkd | Igrac: tkd | Level Admin-a: 7
24/10/2020 | 20/37/56 | Admin El_Profesor | Igrac: Marko_Smolovic | Level Admin-a: 3
24/10/2020 | 20/41/57 | Admin Lisa_Ann | Igrac: Lisa_Ann | Level Admin-a: 7
24/10/2020 | 21/3/42 | Admin Ramox_Shaolin | Igrac: Zift_Brt | Level Admin-a: 6
24/10/2020 | 21/6/57 | Admin Ramox | Igrac: Zift_Brt | Level Admin-a: 7
24/10/2020 | 21/34/17 | Admin Lisa_Ann | Igrac: Lisa_Ann | Level Admin-a: 1
24/10/2020 | 21/50/35 | Admin Lisa_Ann | Igrac: Lisa_Ann | Level Admin-a: 7
24/10/2020 | 22/3/42 | Admin Ramox | Igrac: Xavi_Corleone | Level Admin-a: 2
24/10/2020 | 22/8/13 | Admin Ramox | Igrac: Xavi | Level Admin: 0
24/10/2020 | 22/8/17 | Admin Ramox | Igrac: Xavi | Level Admin-a: 3
24/10/2020 | 22/8/23 | Admin Ramox | Igrac: Xavi | Level Admin-a: 2
24/10/2020 | 22/8/37 | Admin Ramox | Igrac: Xavi | Level Admin: 0
24/10/2020 | 22/8/39 | Admin Ramox | Igrac: Xavi | Level Admin: 0
24/10/2020 | 22/9/8 | Admin Ramox | Igrac: Xavi | Level Admin-a: 2
24/10/2020 | 22/10/1 | Admin Ramox | Igrac: El_Profesor | Level Admin: 0
24/10/2020 | 22/10/3 | Admin Ramox | Igrac: El_Profesor | Level Admin-a: 2
24/10/2020 | 22/42/15 | Admin Ramox | Igrac: Carson_Wolf | Level Admin: 0
24/10/2020 | 22/42/19 | Admin Ramox | Igrac: Carson_Wolf | Level Admin-a: 1
25/10/2020 | 7/21/18 | Admin V01D | Igrac: Fox_Yungkulovski | Level Admin-a: 1
25/10/2020 | 7/47/19 | Admin jasonR | Igrac: Mateja_Brown | Level Admin-a: 1
25/10/2020 | 9/5/49 | Admin tkd | Igrac: Moskri_Peconi | Level Admin-a: 5
25/10/2020 | 9/6/19 | Admin tkd | Igrac: Moskri_Peconi | Level Admin-a: 4
25/10/2020 | 9/12/25 | Admin jasonR | Igrac: Gambino_Wild | Level Admin-a: 1
25/10/2020 | 11/7/30 | Admin jasonR | Igrac: funzy | Level Admin-a: 6
25/10/2020 | 11/39/27 | Admin Ramox | Igrac: funzy | Level Admin: 0
25/10/2020 | 11/39/40 | Admin Ramox | Igrac: funzy | Level Admin-a: 5
25/10/2020 | 11/42/52 | Admin jasonR | Igrac: funzy | Level Admin-a: 6
15/3/2021 | 19/43/10 | Admin Void_Kitaa | Igrac: Void_Kitaa | Level Admin-a: 7
22/4/2021 | 20/40/26 | Admin Void_Script | Igrac: Void_Script | Level Admin-a: 7
8/5/2021 | 22/50/58 | Admin Void_Script | Igrac: Void_Script | Level Admin-a: 7
9/5/2021 | 21/34/6 | Admin V01D | Igrac: V01D | Level Admin: 0
9/5/2021 | 21/34/17 | Admin V01D | Igrac: V01D | Level Admin-a: 7
9/5/2021 | 21/34/32 | Admin V01D | Igrac: V01D | Level Admin: 0
9/5/2021 | 21/34/45 | Admin V01D | Igrac: V01D | Level Admin: 0
9/5/2021 | 21/34/47 | Admin V01D | Igrac: V01D | Level Admin-a: 7
16/5/2021 | 14/33/17 | Admin Void_Jeb | Igrac: Void_Jeb | Level Admin-a: 7
2/4/2022 | 19/30/47 | Admin Loco_Glisha | Igrac: Loco_Glisha | Level Admin-a: 7
