22/10/2020 | 20/43/6 | Admin Fredy_Wiliams | Igrac: Muhamed_Alispahic | Level Helpera: 1
23/10/2020 | 22/19/3 | Admin Damir_Malka | Igrac: Ramox_Shaolin | Level Helpera: 1
23/10/2020 | 22/23/31 | Admin Damir_Malka | Igrac: Ramox_Shaolin | Level Helpera: 2
23/10/2020 | 22/24/39 | Admin Damir_Malka | Igrac: Ramox_Shaolin | Level Helpera: Head
23/10/2020 | 22/26/10 | Admin Damir_Malka | Igrac: Adis_Abeba | Level Helpera: 2
23/10/2020 | 22/27/23 | Admin Damir_Malka | Igrac: Adis_Abeba | Level Helpera: 0
23/10/2020 | 22/29/9 | Admin Ramox_Shaolin | Igrac: Adis_Abeba | Level Helpera: 0
23/10/2020 | 22/30/14 | Admin Damir_Malka | Igrac: Ramox_Shaolin | Level Helpera: 0
24/10/2020 | 11/6/42 | Admin Xavi | Igrac: Ramox_Shaolin | Level Helpera: 1
24/10/2020 | 11/7/6 | Admin Xavi | Igrac: Ramox_Shaolin | Level Helpera: 0
24/10/2020 | 11/7/37 | Admin Ramox_Shaolin | Igrac: Ramox_Shaolin | Level Helpera: 0
24/10/2020 | 11/21/38 | Admin Damir_Malka | Igrac: Xavi | Level Helpera: 1
24/10/2020 | 11/22/43 | Admin Damir_Malka | Igrac: Xavi | Level Helpera: 0
24/10/2020 | 19/2/9 | Admin funzy | Igrac: Leon_Williams | Level Helpera: 1
24/10/2020 | 19/2/11 | Admin funzy | Igrac: Corona_Gethoven | Level Helpera: 1
24/10/2020 | 19/2/38 | Admin funzy | Igrac: Johny_Hernandez | Level Helpera: 1
24/10/2020 | 19/2/41 | Admin funzy | Igrac: Twistzz_Sarrabuzzi | Level Helpera: 1
24/10/2020 | 19/2/43 | Admin funzy | Igrac: Nemanja_Cekic | Level Helpera: 1
24/10/2020 | 19/4/24 | Admin funzy | Igrac: Milos_Scope | Level Helpera: Head
24/10/2020 | 19/4/37 | Admin funzy | Igrac: Gio_Eskobar | Level Helpera: 1
24/10/2020 | 19/4/47 | Admin funzy | Igrac: Muhamed_Alispahic | Level Helpera: 1
24/10/2020 | 19/5/14 | Admin funzy | Igrac: Twistzz_Sarrabuzzi | Level Helpera: 0
24/10/2020 | 19/7/37 | Admin funzy | Igrac: Sasa_Ilic | Level Helpera: 1
24/10/2020 | 19/7/59 | Admin funzy | Igrac: Roxy_Walker | Level Helpera: 1
24/10/2020 | 19/8/29 | Admin funzy | Igrac: Sasa_Ilic | Level Helpera: 0
24/10/2020 | 19/26/53 | Admin funzy | Igrac: Blazic_Destigo | Level Helpera: 1
24/10/2020 | 19/27/7 | Admin funzy | Igrac: Blazic_Destigo | Level Helpera: 0
24/10/2020 | 21/33/22 | Admin funzy | Igrac: funzy | Level Helpera: Head
24/10/2020 | 21/36/9 | Admin funzy | Igrac: funzy | Level Helpera: 0
24/10/2020 | 22/4/6 | Admin Ramox | Igrac: Xavi_Corleone | Level Helpera: Head
24/10/2020 | 22/7/1 | Admin Ramox | Igrac: Xavi | Level Helpera: 0
24/10/2020 | 22/8/46 | Admin Ramox | Igrac: Xavi | Level Helpera: Head
24/10/2020 | 22/9/6 | Admin Ramox | Igrac: Xavi | Level Helpera: 0
24/10/2020 | 22/38/39 | Admin Carson_Wolf | Igrac: Don_Korleone | Level Helpera: 1
25/10/2020 | 23/19/40 | Admin Ramox | Igrac: Petar_Cappone | Level Helpera: 1
25/10/2020 | 3/57/57 | Admin funzy | Igrac: funzy | Level Helpera: Head
25/10/2020 | 4/13/7 | Admin funzy | Igrac: funzy | Level Helpera: 0
25/10/2020 | 9/55/5 | Admin tkd | Igrac: Johny_Hernandez | Level Helpera: 0
25/10/2020 | 9/55/12 | Admin jasonR | Igrac: Johny_Hernandez | Level Helpera: 0
25/10/2020 | 10/0/1 | Admin tkd | Igrac: Nemanja_Cekic | Level Helpera: 0
25/10/2020 | 10/3/26 | Admin tkd | Igrac: Xavi | Level Helpera: 2
25/10/2020 | 10/3/36 | Admin tkd | Igrac: Xavi | Level Helpera: 0
25/10/2020 | 10/11/25 | Admin Ramox | Igrac: Ajdin_Cappone | Level Helpera: 1
25/10/2020 | 11/14/42 | Admin funzy | Igrac: funzy | Level Helpera: 0
25/10/2020 | 11/37/25 | Admin funzy | Igrac: funzy | Level Helpera: 2
25/10/2020 | 11/37/27 | Admin funzy | Igrac: funzy | Level Helpera: 0
