20/1/2022 | 0/50/38 | Admin V01D je dao oruzije Desert Eagle sa 500 metkova igracu V01D
20/1/2022 | 0/53/38 | Admin V01D je dao oruzije Desert Eagle sa 500 metkova igracu V01D
20/1/2022 | 0/56/29 | Admin V01D je dao oruzije Desert Eagle sa 500 metkova igracu V01D
20/1/2022 | 18/59/53 | Admin V01D je dao oruzije M4 sa 999 metkova igracu V01D
20/1/2022 | 19/6/26 | Admin V01D je dao oruzije M4 sa 500 metkova igracu V01D
20/1/2022 | 19/11/39 | Admin V01D je dao oruzije M4 sa 500 metkova igracu V01D
20/1/2022 | 19/19/6 | Admin V01D je dao oruzije M4 sa 500 metkova igracu V01D
20/1/2022 | 19/25/37 | Admin V01D je dao oruzije M4 sa 500 metkova igracu V01D
20/1/2022 | 19/38/17 | Admin V01D je dao oruzije M4 sa 500 metkova igracu V01D
20/1/2022 | 20/39/58 | Admin V01D je dao oruzije M4 sa 500 metkova igracu V01D
20/1/2022 | 20/51/38 | Admin V01D je dao oruzije M4 sa 500 metkova igracu V01D
20/1/2022 | 20/58/51 | Admin V01D je dao oruzije M4 sa 500 metkova igracu V01D
20/1/2022 | 21/3/24 | Admin V01D je dao oruzije Desert Eagle sa 500 metkova igracu V01D
20/1/2022 | 21/3/32 | Admin V01D je dao oruzije M4 sa 500 metkova igracu V01D
20/1/2022 | 21/5/43 | Admin V01D je dao oruzije M4 sa 500 metkova igracu V01D
21/1/2022 | 1/29/15 | Admin V01D je dao oruzije M4 sa 500 metkova igracu V01D
1/2/2022 | 17/7/35 | Admin V01D je dao oruzije Desert Eagle sa 500 metkova igracu V01D
1/2/2022 | 17/9/32 | Admin V01D je dao oruzije Desert Eagle sa 500 metkova igracu Speed_Dones
1/2/2022 | 17/14/4 | Admin V01D je dao oruzije Desert Eagle sa 500 metkova igracu V01D
1/2/2022 | 17/16/29 | Admin V01D je dao oruzije Desert Eagle sa 500 metkova igracu V01D
1/2/2022 | 17/26/7 | Admin V01D je dao oruzije Desert Eagle sa 500 metkova igracu V01D
1/2/2022 | 17/31/31 | Admin V01D je dao oruzije Desert Eagle sa 500 metkova igracu V01D
1/2/2022 | 17/41/17 | Admin V01D je dao oruzije Desert Eagle sa 500 metkova igracu V01D
1/2/2022 | 17/42/31 | Admin V01D je dao oruzije M4 sa 500 metkova igracu V01D
1/2/2022 | 17/43/11 | Admin V01D je dao oruzije Silenced Colt .45 sa 500 metkova igracu V01D
1/2/2022 | 18/15/41 | Admin V01D je dao oruzije Desert Eagle sa 500 metkova igracu V01D
1/2/2022 | 18/16/26 | Admin V01D je dao oruzije M4 sa 500 metkova igracu V01D
1/2/2022 | 18/16/56 | Admin V01D je dao oruzije Desert Eagle sa 500 metkova igracu Emmett_White
1/2/2022 | 18/22/56 | Admin V01D je dao oruzije Desert Eagle sa 500 metkova igracu V01D
1/2/2022 | 18/23/41 | Admin V01D je dao oruzije Tec-9 sa 500 metkova igracu V01D
1/2/2022 | 18/24/5 | Admin V01D je dao oruzije AK47 sa 500 metkova igracu V01D
2/2/2022 | 23/44/12 | Admin V01D je dao oruzije Desert Eagle sa 500 metkova igracu V01D
