22/10/2020 | 13/49/7 | Admin V01D je poceo spec nad igracom Mikri_Maus
22/10/2020 | 15/17/41 | Admin Miami_Brown je poceo spec nad igracom Ramoxova_Tetka
22/10/2020 | 15/17/45 | Admin Miami_Brown je poceo spec nad igracom Ramoxova_Tetka
22/10/2020 | 16/22/31 | Admin Mateja_Brown je poceo spec nad igracom Shile_Wagger
22/10/2020 | 16/35/59 | Admin El_Profesor je poceo spec nad igracom Shile_Wagger
22/10/2020 | 16/54/12 | Admin El_Profesor je poceo spec nad igracom Shile_Wagger
22/10/2020 | 18/21/42 | Admin Shile_Wagger je poceo spec nad igracom Roma_Diaz
22/10/2020 | 18/21/45 | Admin Shile_Wagger je poceo spec nad igracom Roma_Diaz
22/10/2020 | 18/21/47 | Admin Shile_Wagger je poceo spec nad igracom Roma_Diaz
22/10/2020 | 18/21/48 | Admin Shile_Wagger je poceo spec nad igracom Roma_Diaz
22/10/2020 | 18/46/12 | Admin Shile_Wagger je poceo spec nad igracom Vedran_Cappone
22/10/2020 | 18/46/14 | Admin Shile_Wagger je poceo spec nad igracom Vedran_Cappone
22/10/2020 | 18/46/15 | Admin Shile_Wagger je poceo spec nad igracom Vedran_Cappone
22/10/2020 | 18/50/14 | Admin Xavi je poceo spec nad igracom Vedran_Cappone
22/10/2020 | 19/30/4 | Admin El_Profesor je poceo spec nad igracom Vedran_Cappone
23/10/2020 | 14/18/0 | Admin Mateja_Brown je poceo spec nad igracom Shile_Wagger
23/10/2020 | 22/26/14 | Admin Ramox_Shaolin je poceo spec nad igracom Adis_Abeba
24/10/2020 | 11/9/19 | Admin Ramox_Shaolin je poceo spec nad igracom Xavi
24/10/2020 | 11/12/4 | Admin Ramox_Shaolin je poceo spec nad igracom Xavi
24/10/2020 | 16/51/52 | Admin Twistzz_Sarrabuzzi je poceo spec nad igracom Stefke_Boss
24/10/2020 | 16/51/59 | Admin Twistzz_Sarrabuzzi je poceo spec nad igracom Zlatan_Music
24/10/2020 | 17/25/22 | Admin El_Profesor je poceo spec nad igracom JJakovljevic_Don
24/10/2020 | 19/14/0 | Admin Sasa_Ilic je poceo spec nad igracom Ahmed_Pacowsky
24/10/2020 | 19/14/3 | Admin Twistzz_Sarrabuzzi je poceo spec nad igracom Ahmed_Pacowsky
24/10/2020 | 19/17/11 | Admin Twistzz_Sarrabuzzi je poceo spec nad igracom Edox_Korely
24/10/2020 | 19/20/23 | Admin Zlatan_Music je poceo spec nad igracom Lazojka_Donn
24/10/2020 | 19/20/28 | Admin Zlatan_Music je poceo spec nad igracom Lazojka_Donn
24/10/2020 | 19/20/51 | Admin Shile_Wagger je poceo spec nad igracom Adelchii_Palermo
24/10/2020 | 19/20/53 | Admin Shile_Wagger je poceo spec nad igracom Adelchii_Palermo
24/10/2020 | 19/20/54 | Admin Shile_Wagger je poceo spec nad igracom Adelchii_Palermo
24/10/2020 | 19/23/26 | Admin Sasa_Ilic je poceo spec nad igracom Rijad_Alic
24/10/2020 | 19/23/58 | Admin Twistzz_Sarrabuzzi je poceo spec nad igracom Dusan_Markovic
24/10/2020 | 19/24/32 | Admin Twistzz_Sarrabuzzi je poceo spec nad igracom Mikri_Maus
24/10/2020 | 19/24/34 | Admin Twistzz_Sarrabuzzi je poceo spec nad igracom Edox_Korely
24/10/2020 | 19/25/16 | Admin Sasa_Ilic je poceo spec nad igracom Johny_Hernandez
24/10/2020 | 19/25/18 | Admin Twistzz_Sarrabuzzi je poceo spec nad igracom Johny_Hernandez
24/10/2020 | 19/25/23 | Admin Shile_Wagger je poceo spec nad igracom Antonio_Piciguz
24/10/2020 | 19/25/25 | Admin Shile_Wagger je poceo spec nad igracom Antonio_Piciguz
24/10/2020 | 19/25/26 | Admin Shile_Wagger je poceo spec nad igracom Antonio_Piciguz
24/10/2020 | 19/25/29 | Admin Shile_Wagger je poceo spec nad igracom Antonio_Piciguz
24/10/2020 | 19/25/41 | Admin Milos_Scope je poceo spec nad igracom Johny_Hernandez
24/10/2020 | 19/26/18 | Admin Milos_Scope je poceo spec nad igracom Johny_Hernandez
24/10/2020 | 19/26/18 | Admin Mikri_Maus je poceo spec nad igracom Aga_Zhao
24/10/2020 | 19/26/22 | Admin Sasa_Ilic je poceo spec nad igracom Johny_Hernandez
24/10/2020 | 19/26/26 | Admin Shile_Wagger je poceo spec nad igracom Johny_Hernandez
24/10/2020 | 19/26/27 | Admin Shile_Wagger je poceo spec nad igracom Johny_Hernandez
24/10/2020 | 19/26/30 | Admin Shile_Wagger je poceo spec nad igracom Johny_Hernandez
24/10/2020 | 19/26/39 | Admin Simec_Wells je poceo spec nad igracom Johny_Hernandez
24/10/2020 | 19/26/44 | Admin Mikri_Maus je poceo spec nad igracom Staklenzi_Wright
24/10/2020 | 19/26/58 | Admin Mikri_Maus je poceo spec nad igracom Dusan_Markovic
24/10/2020 | 19/27/56 | Admin Mikri_Maus je poceo spec nad igracom Aldiin_Smith
24/10/2020 | 19/28/12 | Admin Mikri_Maus je poceo spec nad igracom Dragan_Cappone
24/10/2020 | 19/28/12 | Admin Shile_Wagger je poceo spec nad igracom Crimos_Zhao
24/10/2020 | 19/28/14 | Admin Shile_Wagger je poceo spec nad igracom Crimos_Zhao
24/10/2020 | 19/28/24 | Admin Mikri_Maus je poceo spec nad igracom Crimos_Zhao
24/10/2020 | 19/29/43 | Admin Shile_Wagger je poceo spec nad igracom Michael_Bukvica
24/10/2020 | 19/29/44 | Admin Mikri_Maus je poceo spec nad igracom Michael_Bukvica
24/10/2020 | 19/29/50 | Admin Sasa_Ilic je poceo spec nad igracom Milos_Scope
24/10/2020 | 19/30/2 | Admin Milos_Scope je poceo spec nad igracom Leon_Williams
24/10/2020 | 19/30/21 | Admin Zlatan_Music je poceo spec nad igracom Leon_Williams
24/10/2020 | 19/30/25 | Admin Zlatan_Music je poceo spec nad igracom Leon_Williams
24/10/2020 | 19/30/28 | Admin Zlatan_Music je poceo spec nad igracom Leon_Williams
24/10/2020 | 19/30/29 | Admin Milos_Scope je poceo spec nad igracom Leon_Williams
24/10/2020 | 19/30/47 | Admin Sasa_Ilic je poceo spec nad igracom Mikri_Maus
24/10/2020 | 19/30/50 | Admin Simec_Wells je poceo spec nad igracom Micko_Tutic
24/10/2020 | 19/30/52 | Admin Zlatan_Music je poceo spec nad igracom Leon_Williams
24/10/2020 | 19/31/1 | Admin Mikri_Maus je poceo spec nad igracom Micko_Tutic
24/10/2020 | 19/31/1 | Admin Zlatan_Music je poceo spec nad igracom Aljo_Diaz
24/10/2020 | 19/31/5 | Admin Zlatan_Music je poceo spec nad igracom Aljo_Diaz
24/10/2020 | 19/31/9 | Admin Shile_Wagger je poceo spec nad igracom Aljo_Diaz
24/10/2020 | 19/31/10 | Admin Shile_Wagger je poceo spec nad igracom Aljo_Diaz
24/10/2020 | 19/31/11 | Admin Shile_Wagger je poceo spec nad igracom Aljo_Diaz
24/10/2020 | 19/31/11 | Admin Zlatan_Music je poceo spec nad igracom Aljo_Diaz
24/10/2020 | 19/31/12 | Admin Shile_Wagger je poceo spec nad igracom Aljo_Diaz
24/10/2020 | 19/31/12 | Admin Shile_Wagger je poceo spec nad igracom Aljo_Diaz
24/10/2020 | 19/31/13 | Admin Shile_Wagger je poceo spec nad igracom Aljo_Diaz
24/10/2020 | 19/31/14 | Admin Zlatan_Music je poceo spec nad igracom Aljo_Diaz
24/10/2020 | 19/31/15 | Admin Shile_Wagger je poceo spec nad igracom Aljo_Diaz
24/10/2020 | 19/31/16 | Admin Shile_Wagger je poceo spec nad igracom Aljo_Diaz
24/10/2020 | 19/31/50 | Admin jasonR je poceo spec nad igracom Dragan_Cappone
24/10/2020 | 19/31/57 | Admin Blazic_Destigo je poceo spec nad igracom Dusan_Markovic
24/10/2020 | 19/32/20 | Admin Blazic_Destigo je poceo spec nad igracom Dusan_Markovic
24/10/2020 | 19/33/24 | Admin Sasa_Ilic je poceo spec nad igracom Dusan_Markovic
24/10/2020 | 19/33/24 | Admin Ramox_Shaolin je poceo spec nad igracom Dusan_Markovic
24/10/2020 | 19/33/24 | Admin Shile_Wagger je poceo spec nad igracom Dusan_Markovic
24/10/2020 | 19/33/25 | Admin Shile_Wagger je poceo spec nad igracom Dusan_Markovic
24/10/2020 | 19/33/25 | Admin Shile_Wagger je poceo spec nad igracom Dusan_Markovic
24/10/2020 | 19/33/54 | Admin Simec_Wells je poceo spec nad igracom Crystall_Nodev
24/10/2020 | 19/33/56 | Admin Sasa_Ilic je poceo spec nad igracom Mia_Khalifa
24/10/2020 | 19/34/22 | Admin Simec_Wells je poceo spec nad igracom Exec_Wild
24/10/2020 | 19/34/29 | Admin Shile_Wagger je poceo spec nad igracom Rick_Armani
24/10/2020 | 19/34/30 | Admin Shile_Wagger je poceo spec nad igracom Rick_Armani
24/10/2020 | 19/34/30 | Admin Ramox_Shaolin je poceo spec nad igracom Rick_Armani
24/10/2020 | 19/34/31 | Admin Shile_Wagger je poceo spec nad igracom Rick_Armani
24/10/2020 | 19/34/32 | Admin Ramox_Shaolin je poceo spec nad igracom Rick_Armani
24/10/2020 | 19/35/8 | Admin Shile_Wagger je poceo spec nad igracom Edox_Korely
24/10/2020 | 19/35/10 | Admin Mikri_Maus je poceo spec nad igracom Micko_Tutic
24/10/2020 | 19/35/10 | Admin Simec_Wells je poceo spec nad igracom Jason_Wright
24/10/2020 | 19/35/11 | Admin Shile_Wagger je poceo spec nad igracom Edox_Korely
24/10/2020 | 19/35/30 | Admin Mikri_Maus je poceo spec nad igracom Micko_Tutic
24/10/2020 | 19/35/31 | Admin Sasa_Ilic je poceo spec nad igracom Marola_Force
24/10/2020 | 19/35/31 | Admin Simec_Wells je poceo spec nad igracom Mia_Khalifa
24/10/2020 | 19/35/42 | Admin El_Profesor je poceo spec nad igracom Mia_Malkova
24/10/2020 | 19/35/47 | Admin El_Profesor je poceo spec nad igracom Mia_Malkova
24/10/2020 | 19/36/18 | Admin Sasa_Ilic je poceo spec nad igracom Stefke_Boss
24/10/2020 | 19/36/42 | Admin Simec_Wells je poceo spec nad igracom Stulovic_Acillian
24/10/2020 | 19/36/57 | Admin Simec_Wells je poceo spec nad igracom Rijad_Alic
24/10/2020 | 19/37/4 | Admin Simec_Wells je poceo spec nad igracom Destigo_Don
24/10/2020 | 19/37/15 | Admin Sasa_Ilic je poceo spec nad igracom Edox_Korely
24/10/2020 | 19/37/16 | Admin Shile_Wagger je poceo spec nad igracom Edox_Korely
24/10/2020 | 19/37/17 | Admin Shile_Wagger je poceo spec nad igracom Edox_Korely
24/10/2020 | 19/37/17 | Admin Shile_Wagger je poceo spec nad igracom Edox_Korely
24/10/2020 | 19/37/22 | Admin Shile_Wagger je poceo spec nad igracom Edox_Korely
24/10/2020 | 19/38/14 | Admin Zlatan_Music je poceo spec nad igracom Edox_Korely
24/10/2020 | 19/38/30 | Admin Twistzz_Sarrabuzzi je poceo spec nad igracom Gio_Eskobar
24/10/2020 | 19/38/51 | Admin Shile_Wagger je poceo spec nad igracom Daky_Haos
24/10/2020 | 19/38/52 | Admin Shile_Wagger je poceo spec nad igracom Daky_Haos
24/10/2020 | 19/38/52 | Admin Shile_Wagger je poceo spec nad igracom Daky_Haos
24/10/2020 | 19/38/53 | Admin Shile_Wagger je poceo spec nad igracom Daky_Haos
24/10/2020 | 19/38/54 | Admin Shile_Wagger je poceo spec nad igracom Daky_Haos
24/10/2020 | 19/38/54 | Admin Sasa_Ilic je poceo spec nad igracom Daky_Haos
24/10/2020 | 19/38/55 | Admin Shile_Wagger je poceo spec nad igracom Daky_Haos
24/10/2020 | 19/38/56 | Admin El_Profesor je poceo spec nad igracom Daky_Haos
24/10/2020 | 19/38/56 | Admin Shile_Wagger je poceo spec nad igracom Daky_Haos
24/10/2020 | 19/38/57 | Admin Zlatan_Music je poceo spec nad igracom Daky_Haos
24/10/2020 | 19/38/58 | Admin Shile_Wagger je poceo spec nad igracom Daky_Haos
24/10/2020 | 19/38/59 | Admin El_Profesor je poceo spec nad igracom Daky_Haos
24/10/2020 | 19/39/0 | Admin El_Profesor je poceo spec nad igracom Daky_Haos
24/10/2020 | 19/39/1 | Admin Zlatan_Music je poceo spec nad igracom Daky_Haos
24/10/2020 | 19/39/5 | Admin El_Profesor je poceo spec nad igracom Daky_Haos
24/10/2020 | 19/39/5 | Admin Shile_Wagger je poceo spec nad igracom Daky_Haos
24/10/2020 | 19/39/8 | Admin Zlatan_Music je poceo spec nad igracom Rijad_Alic
24/10/2020 | 19/39/10 | Admin Mekovski_Cappone je poceo spec nad igracom Dare_Sindjelic
24/10/2020 | 19/39/20 | Admin Mekovski_Cappone je poceo spec nad igracom Princess_Newton
24/10/2020 | 19/39/23 | Admin Simec_Wells je poceo spec nad igracom Edox_Korely
24/10/2020 | 19/39/30 | Admin Mekovski_Cappone je poceo spec nad igracom Jason_Wright
24/10/2020 | 19/39/45 | Admin Simec_Wells je poceo spec nad igracom Nemanja_Djordjevic
24/10/2020 | 19/41/0 | Admin Simec_Wells je poceo spec nad igracom Jovan_Sindjelic
24/10/2020 | 19/41/3 | Admin Simec_Wells je poceo spec nad igracom Jovan_Sindjelic
24/10/2020 | 19/41/48 | Admin Simec_Wells je poceo spec nad igracom Exec_Wild
24/10/2020 | 19/42/34 | Admin El_Profesor je poceo spec nad igracom Marshall_Newton
24/10/2020 | 19/42/38 | Admin El_Profesor je poceo spec nad igracom Marshall_Newton
24/10/2020 | 19/45/31 | Admin Simec_Wells je poceo spec nad igracom Marshall_Newton
24/10/2020 | 19/45/50 | Admin jasonR je poceo spec nad igracom Simec_Wells
24/10/2020 | 19/46/32 | Admin Mekovski_Cappone je poceo spec nad igracom El_Kibo
24/10/2020 | 19/48/48 | Admin Zlatan_Music je poceo spec nad igracom Leon_Williams
24/10/2020 | 19/48/54 | Admin Zlatan_Music je poceo spec nad igracom Corona_Gethoven
24/10/2020 | 19/49/45 | Admin Zlatan_Music je poceo spec nad igracom Shile_Wagger
24/10/2020 | 19/49/54 | Admin Zlatan_Music je poceo spec nad igracom Simec_Wells
24/10/2020 | 19/49/59 | Admin Zlatan_Music je poceo spec nad igracom Stefano_Devito
24/10/2020 | 19/50/7 | Admin Zlatan_Music je poceo spec nad igracom Crystall_Nodev
24/10/2020 | 19/50/38 | Admin Shile_Wagger je poceo spec nad igracom Siquente_Escobar
24/10/2020 | 19/50/39 | Admin Shile_Wagger je poceo spec nad igracom Siquente_Escobar
24/10/2020 | 19/50/40 | Admin Shile_Wagger je poceo spec nad igracom Siquente_Escobar
24/10/2020 | 19/50/44 | Admin Shile_Wagger je poceo spec nad igracom Siquente_Escobar
24/10/2020 | 19/51/20 | Admin Zlatan_Music je poceo spec nad igracom Michael_Bukvica
24/10/2020 | 19/52/52 | Admin Zlatan_Music je poceo spec nad igracom Remi_Trb
24/10/2020 | 19/53/7 | Admin Shile_Wagger je poceo spec nad igracom Siquente_Escobar
24/10/2020 | 19/53/10 | Admin Zlatan_Music je poceo spec nad igracom Siquente_Escobar
24/10/2020 | 19/53/13 | Admin Shile_Wagger je poceo spec nad igracom Siquente_Escobar
24/10/2020 | 19/53/16 | Admin Zlatan_Music je poceo spec nad igracom Tozla_Martinez
24/10/2020 | 19/53/23 | Admin Zlatan_Music je poceo spec nad igracom Siquente_Escobar
24/10/2020 | 19/54/35 | Admin Sale je poceo spec nad igracom Hasib_Pibee
24/10/2020 | 19/55/7 | Admin Zlatan_Music je poceo spec nad igracom Siquente_Escobar
24/10/2020 | 19/59/26 | Admin El_Profesor je poceo spec nad igracom Werd_Legacy
24/10/2020 | 20/0/7 | Admin Sale je poceo spec nad igracom Ahmed_Pacowsky
24/10/2020 | 20/2/4 | Admin Mikri_Maus je poceo spec nad igracom Gabi_Wright
24/10/2020 | 20/4/5 | Admin Sale je poceo spec nad igracom Ivan_Dejanovic
24/10/2020 | 20/6/1 | Admin Shile_Wagger je poceo spec nad igracom Andrija_Sindjelic
24/10/2020 | 20/6/2 | Admin Mikri_Maus je poceo spec nad igracom Andrija_Sindjelic
24/10/2020 | 20/6/2 | Admin Shile_Wagger je poceo spec nad igracom Andrija_Sindjelic
24/10/2020 | 20/7/56 | Admin Mikri_Maus je poceo spec nad igracom Johny_Hernandez
24/10/2020 | 20/9/3 | Admin Mikri_Maus je poceo spec nad igracom Olxx_Pacowsky
24/10/2020 | 20/9/22 | Admin Sale je poceo spec nad igracom Dandaman_Bralee
24/10/2020 | 20/9/41 | Admin Mikri_Maus je poceo spec nad igracom Aldiin_Smith
24/10/2020 | 20/9/46 | Admin Mikri_Maus je poceo spec nad igracom Stefan_Benzin
24/10/2020 | 20/9/46 | Admin Zlatan_Music je poceo spec nad igracom Dandaman_Bralee
24/10/2020 | 20/9/53 | Admin Zlatan_Music je poceo spec nad igracom Dandaman_Bralee
24/10/2020 | 20/10/45 | Admin Mikri_Maus je poceo spec nad igracom Johny_Hernandez
24/10/2020 | 20/11/27 | Admin Sale je poceo spec nad igracom Aldiin_Smith
24/10/2020 | 20/11/42 | Admin Mikri_Maus je poceo spec nad igracom Johny_Hernandez
24/10/2020 | 20/11/42 | Admin Carson_Wolf je poceo spec nad igracom Somi_Martinez
24/10/2020 | 20/12/35 | Admin Ramox_Shaolin je poceo spec nad igracom Exec_Wild
24/10/2020 | 20/13/1 | Admin Mikri_Maus je poceo spec nad igracom Johny_Hernandez
24/10/2020 | 20/16/17 | Admin Zlatan_Music je poceo spec nad igracom Johny_Hernandez
24/10/2020 | 20/18/23 | Admin Sale je poceo spec nad igracom Hasib_Pibee
24/10/2020 | 20/19/1 | Admin Sale je poceo spec nad igracom Andrija_Sindjelic
24/10/2020 | 20/19/6 | Admin Sale je poceo spec nad igracom Andrija_Sindjelic
24/10/2020 | 20/19/25 | Admin Zlatan_Music je poceo spec nad igracom Edox_Korely
24/10/2020 | 20/19/28 | Admin Zlatan_Music je poceo spec nad igracom Edox_Korely
24/10/2020 | 20/19/30 | Admin Zlatan_Music je poceo spec nad igracom Edox_Korely
24/10/2020 | 20/19/33 | Admin Zlatan_Music je poceo spec nad igracom Edox_Korely
24/10/2020 | 20/19/44 | Admin Mikri_Maus je poceo spec nad igracom Edox_Korely
24/10/2020 | 20/19/50 | Admin Mikri_Maus je poceo spec nad igracom Edox_Korely
24/10/2020 | 20/20/0 | Admin Mikri_Maus je poceo spec nad igracom Edox_Korely
24/10/2020 | 20/20/53 | Admin Zlatan_Music je poceo spec nad igracom Dare_Sindjelic
24/10/2020 | 20/25/16 | Admin Ramox_Shaolin je poceo spec nad igracom Roxy_Walker
24/10/2020 | 20/26/0 | Admin Mikri_Maus je poceo spec nad igracom Ali_Katka
24/10/2020 | 20/28/42 | Admin El_Profesor je poceo spec nad igracom Vexy_Colbart
24/10/2020 | 20/28/59 | Admin Carson_Wolf je poceo spec nad igracom Roman_Smith
24/10/2020 | 20/32/26 | Admin El_Profesor je poceo spec nad igracom Sedox_Pacowsky
24/10/2020 | 20/33/20 | Admin Carson_Wolf je poceo spec nad igracom Edox_Korely
24/10/2020 | 20/33/43 | Admin Ramox_Shaolin je poceo spec nad igracom Sedox_Pacowsky
24/10/2020 | 20/37/36 | Admin Ramox_Shaolin je poceo spec nad igracom Rile_Sindjelic
24/10/2020 | 20/37/51 | Admin Ramox_Shaolin je poceo spec nad igracom Ilija_Sindjelic
24/10/2020 | 20/37/55 | Admin Ramox_Shaolin je poceo spec nad igracom Ilija_Sindjelic
24/10/2020 | 20/42/15 | Admin Sale je poceo spec nad igracom Stefan_Benzin
24/10/2020 | 20/44/42 | Admin Zlatan_Music je poceo spec nad igracom Sedox_Pacowsky
24/10/2020 | 20/48/37 | Admin tkd je poceo spec nad igracom Staklenzi_Wright
24/10/2020 | 20/48/47 | Admin tkd je poceo spec nad igracom Staklenzi_Wright
24/10/2020 | 20/50/26 | Admin Ramox_Shaolin je poceo spec nad igracom Roxy_Walker
24/10/2020 | 20/50/40 | Admin Ramox_Shaolin je poceo spec nad igracom Mad_Max
24/10/2020 | 20/51/11 | Admin tkd je poceo spec nad igracom Walter_White
24/10/2020 | 20/51/11 | Admin Marko_Smolovic je poceo spec nad igracom Walter_White
24/10/2020 | 20/51/13 | Admin Marko_Smolovic je poceo spec nad igracom Walter_White
24/10/2020 | 20/51/44 | Admin Marko_Smolovic je poceo spec nad igracom Aleksandar_Shaolin
24/10/2020 | 20/52/19 | Admin Marko_Smolovic je poceo spec nad igracom Mad_Max
24/10/2020 | 20/52/23 | Admin tkd je poceo spec nad igracom Walter_White
24/10/2020 | 20/52/25 | Admin tkd je poceo spec nad igracom Walter_White
24/10/2020 | 20/52/27 | Admin tkd je poceo spec nad igracom Walter_White
24/10/2020 | 20/52/35 | Admin tkd je poceo spec nad igracom Walter_White
24/10/2020 | 20/56/43 | Admin Ramox_Shaolin je poceo spec nad igracom Dusan_Jovanovic
24/10/2020 | 20/56/53 | Admin Ramox_Shaolin je poceo spec nad igracom Johny_Hernandez
24/10/2020 | 20/57/34 | Admin Ramox_Shaolin je poceo spec nad igracom Dusan_Jovanovic
24/10/2020 | 20/59/36 | Admin Sale je poceo spec nad igracom Dusan_Jovanovic
24/10/2020 | 21/3/34 | Admin Sale je poceo spec nad igracom Aldiin_Smith
24/10/2020 | 21/5/51 | Admin Zift_Brt je poceo spec nad igracom Mehmed_Sindjelic
24/10/2020 | 21/5/55 | Admin Zift_Brt je poceo spec nad igracom Mehmed_Sindjelic
24/10/2020 | 21/7/37 | Admin Ramox je poceo spec nad igracom Roxy_Walker
24/10/2020 | 21/10/4 | Admin Sale je poceo spec nad igracom Sedox_Pacowsky
24/10/2020 | 21/10/55 | Admin Zift_Brt je poceo spec nad igracom Olxx_Pacowsky
24/10/2020 | 21/11/15 | Admin Zift_Brt je poceo spec nad igracom Sedox_Pacowsky
24/10/2020 | 21/11/22 | Admin Sale je poceo spec nad igracom Olxx_Pacowsky
24/10/2020 | 21/16/26 | Admin Sale je poceo spec nad igracom Marc_Castello
24/10/2020 | 21/16/35 | Admin Zift_Brt je poceo spec nad igracom Hasib_Pibee
24/10/2020 | 21/21/25 | Admin Ramox je poceo spec nad igracom Vexy_Colbart
24/10/2020 | 21/21/39 | Admin Shile_Wagger je poceo spec nad igracom Stjepan_Copperfield
24/10/2020 | 21/27/48 | Admin Ramox je poceo spec nad igracom Aldiin_Smith
24/10/2020 | 21/33/40 | Admin funzy je poceo spec nad igracom Nemanja_Cekic
24/10/2020 | 21/41/46 | Admin jasonR je poceo spec nad igracom Aksa_Toretto
24/10/2020 | 21/42/51 | Admin jasonR je poceo spec nad igracom Shile_Wagger
24/10/2020 | 21/43/4 | Admin Lisa_Ann je poceo spec nad igracom Leonardo_Zakhaev
24/10/2020 | 21/43/4 | Admin Lisa_Ann je poceo spec nad igracom Leonardo_Zakhaev
24/10/2020 | 21/43/5 | Admin Lisa_Ann je poceo spec nad igracom Leonardo_Zakhaev
24/10/2020 | 21/43/6 | Admin Lisa_Ann je poceo spec nad igracom Leonardo_Zakhaev
24/10/2020 | 21/43/11 | Admin jasonR je poceo spec nad igracom Andrija_Sindjelic
24/10/2020 | 21/44/3 | Admin Lisa_Ann je poceo spec nad igracom Aldiin_Smith
24/10/2020 | 21/44/3 | Admin Lisa_Ann je poceo spec nad igracom Aldiin_Smith
24/10/2020 | 21/44/3 | Admin Lisa_Ann je poceo spec nad igracom Aldiin_Smith
24/10/2020 | 21/44/4 | Admin Lisa_Ann je poceo spec nad igracom Aldiin_Smith
24/10/2020 | 21/44/4 | Admin Lisa_Ann je poceo spec nad igracom Aldiin_Smith
24/10/2020 | 21/44/21 | Admin Lisa_Ann je poceo spec nad igracom Aldiin_Smith
24/10/2020 | 21/44/21 | Admin Lisa_Ann je poceo spec nad igracom Aldiin_Smith
24/10/2020 | 21/44/25 | Admin jasonR je poceo spec nad igracom Luka_Smith
24/10/2020 | 21/46/6 | Admin Lisa_Ann je poceo spec nad igracom Edox_Korely
24/10/2020 | 21/46/7 | Admin Lisa_Ann je poceo spec nad igracom Edox_Korely
24/10/2020 | 21/46/7 | Admin Lisa_Ann je poceo spec nad igracom Edox_Korely
24/10/2020 | 21/54/24 | Admin Ramox je poceo spec nad igracom Andrija_Sindjelic
24/10/2020 | 21/54/29 | Admin Ramox je poceo spec nad igracom Nikola_Vujanovic
24/10/2020 | 21/54/36 | Admin Ramox je poceo spec nad igracom Gogo_Shaolin
24/10/2020 | 21/54/44 | Admin Ramox je poceo spec nad igracom Ljubisa_Imbronjev
24/10/2020 | 21/54/49 | Admin Ramox je poceo spec nad igracom Jovan_Sindjelic
24/10/2020 | 22/7/21 | Admin Xavi je poceo spec nad igracom Seid_Seidovic
24/10/2020 | 22/9/37 | Admin Xavi je poceo spec nad igracom Roxy_Walker
24/10/2020 | 22/15/30 | Admin Xavi je poceo spec nad igracom Aldiin_Smith
24/10/2020 | 22/15/33 | Admin Xavi je poceo spec nad igracom Aldiin_Smith
24/10/2020 | 22/15/34 | Admin Xavi je poceo spec nad igracom Aldiin_Smith
24/10/2020 | 22/15/34 | Admin Xavi je poceo spec nad igracom Aldiin_Smith
24/10/2020 | 22/15/35 | Admin Xavi je poceo spec nad igracom Aldiin_Smith
24/10/2020 | 22/15/36 | Admin Xavi je poceo spec nad igracom Aldiin_Smith
24/10/2020 | 22/15/40 | Admin Xavi je poceo spec nad igracom Luka_Smith
24/10/2020 | 22/15/41 | Admin Marko_Smolovic je poceo spec nad igracom Luka_Smith
24/10/2020 | 22/15/44 | Admin Marko_Smolovic je poceo spec nad igracom Luka_Smith
24/10/2020 | 22/15/46 | Admin Xavi je poceo spec nad igracom Luka_Smith
24/10/2020 | 22/15/46 | Admin Marko_Smolovic je poceo spec nad igracom Olxx_Pacowsky
24/10/2020 | 22/15/49 | Admin Xavi je poceo spec nad igracom Aldiin_Smith
24/10/2020 | 22/15/51 | Admin Xavi je poceo spec nad igracom Olxx_Pacowsky
24/10/2020 | 22/16/1 | Admin Xavi je poceo spec nad igracom Luka_Smith
24/10/2020 | 22/41/44 | Admin Sale je poceo spec nad igracom Ahmed_Pacowsky
24/10/2020 | 22/41/45 | Admin Carson_Wolf je poceo spec nad igracom Ahmed_Pacowsky
24/10/2020 | 22/42/11 | Admin Mekovski_Cappone je poceo spec nad igracom John_Rose
24/10/2020 | 22/43/15 | Admin jasonR je poceo spec nad igracom Carson_Wolf
24/10/2020 | 22/43/21 | Admin jasonR je poceo spec nad igracom Ljubisa_Imbronjev
24/10/2020 | 22/43/28 | Admin jasonR je poceo spec nad igracom Remi_Trb
24/10/2020 | 22/43/32 | Admin jasonR je poceo spec nad igracom Adis_Pacowsky
24/10/2020 | 22/44/37 | Admin Ramox je poceo spec nad igracom Roxy_Walker
24/10/2020 | 22/44/42 | Admin jasonR je poceo spec nad igracom Jovan_Sindjelic
24/10/2020 | 22/44/45 | Admin Ramox je poceo spec nad igracom Remi_Trb
24/10/2020 | 22/44/46 | Admin Ramox je poceo spec nad igracom Adis_Pacowsky
24/10/2020 | 22/44/48 | Admin Ramox je poceo spec nad igracom Yung_Kipe
24/10/2020 | 22/44/49 | Admin Ramox je poceo spec nad igracom Remi_Trb
24/10/2020 | 22/44/51 | Admin jasonR je poceo spec nad igracom Legacyz_Rouzz
24/10/2020 | 22/44/54 | Admin Ramox je poceo spec nad igracom Adis_Pacowsky
24/10/2020 | 22/44/58 | Admin Ramox je poceo spec nad igracom Yung_Kipe
24/10/2020 | 22/45/4 | Admin Ramox je poceo spec nad igracom Jovan_Sindjelic
24/10/2020 | 22/45/6 | Admin jasonR je poceo spec nad igracom Matthew_Chevalievsky
24/10/2020 | 22/45/7 | Admin Ramox je poceo spec nad igracom Legacyz_Rouzz
24/10/2020 | 22/45/11 | Admin jasonR je poceo spec nad igracom Stefke_Boss
24/10/2020 | 22/45/12 | Admin Ramox je poceo spec nad igracom Legacyz_Rouzz
24/10/2020 | 22/45/18 | Admin jasonR je poceo spec nad igracom Aldiin_Smith
24/10/2020 | 22/45/25 | Admin jasonR je poceo spec nad igracom Leonardo_Zakhaev
24/10/2020 | 22/45/31 | Admin jasonR je poceo spec nad igracom Ahmed_Pacowsky
24/10/2020 | 22/45/39 | Admin jasonR je poceo spec nad igracom Ljubisa_Imbronjev
24/10/2020 | 22/45/49 | Admin jasonR je poceo spec nad igracom Mekovski_Cappone
24/10/2020 | 22/46/5 | Admin jasonR je poceo spec nad igracom Seid_Seidovic
24/10/2020 | 22/46/29 | Admin jasonR je poceo spec nad igracom Don_Korleone
24/10/2020 | 22/46/36 | Admin jasonR je poceo spec nad igracom El_Profesor
24/10/2020 | 22/46/44 | Admin jasonR je poceo spec nad igracom Shile_Wagger
24/10/2020 | 22/46/51 | Admin jasonR je poceo spec nad igracom Xavi
24/10/2020 | 22/47/0 | Admin jasonR je poceo spec nad igracom Sedox_Pacowsky
24/10/2020 | 22/47/3 | Admin jasonR je poceo spec nad igracom Tozla_Martinez
24/10/2020 | 22/47/43 | Admin jasonR je poceo spec nad igracom Michael_Bukvica
24/10/2020 | 22/50/29 | Admin Mekovski_Cappone je poceo spec nad igracom Zmajko_Pwn
24/10/2020 | 22/52/8 | Admin jasonR je poceo spec nad igracom Olxx_Pacowsky
24/10/2020 | 22/52/41 | Admin Xavi je poceo spec nad igracom dandaman
24/10/2020 | 22/57/28 | Admin Xavi je poceo spec nad igracom Olxx_Pacowsky
25/10/2020 | 3/55/40 | Admin funzy je poceo spec nad igracom Roxy_Walker
25/10/2020 | 3/55/42 | Admin funzy je poceo spec nad igracom Roxy_Walker
25/10/2020 | 4/22/2 | Admin Twistzz_Sarrabuzzi je poceo spec nad igracom Remi_Trb
25/10/2020 | 4/22/45 | Admin Twistzz_Sarrabuzzi je poceo spec nad igracom Zlatan_Music
25/10/2020 | 4/23/12 | Admin Twistzz_Sarrabuzzi je poceo spec nad igracom Yung_Kipe
25/10/2020 | 4/23/17 | Admin Twistzz_Sarrabuzzi je poceo spec nad igracom Jovan_Sindjelic
25/10/2020 | 6/36/28 | Admin Shile_Wagger je poceo spec nad igracom Vexy_Colbart
25/10/2020 | 6/36/29 | Admin Shile_Wagger je poceo spec nad igracom Vexy_Colbart
25/10/2020 | 7/29/9 | Admin V01D je poceo spec nad igracom Nikola_Vujanovic
25/10/2020 | 7/29/10 | Admin jasonR je poceo spec nad igracom Nikola_Vujanovic
25/10/2020 | 7/48/43 | Admin Mateja_Brown je poceo spec nad igracom funzy
25/10/2020 | 7/48/50 | Admin Mateja_Brown je poceo spec nad igracom Yung_Kipe
25/10/2020 | 7/49/3 | Admin Mateja_Brown je poceo spec nad igracom Oggy_Pacowsky
25/10/2020 | 7/49/6 | Admin Mateja_Brown je poceo spec nad igracom Jovan_Sindjelic
25/10/2020 | 7/52/30 | Admin Fox_Yungkulovski je poceo spec nad igracom Fox_Syrpznk
25/10/2020 | 7/52/34 | Admin Mateja_Brown je poceo spec nad igracom Fox_Syrpznk
25/10/2020 | 7/54/47 | Admin Mateja_Brown je poceo spec nad igracom Ajdin_Cappone
25/10/2020 | 7/55/22 | Admin Mateja_Brown je poceo spec nad igracom Mackenzi_Wright
25/10/2020 | 7/57/40 | Admin Mateja_Brown je poceo spec nad igracom Matthew_Chevalievsky
25/10/2020 | 8/2/53 | Admin Xavi je poceo spec nad igracom Roxy_Walker
25/10/2020 | 8/3/5 | Admin Xavi je poceo spec nad igracom Johny_Hernandez
25/10/2020 | 8/3/8 | Admin Fox_Yungkulovski je poceo spec nad igracom Somi_Martinez
25/10/2020 | 8/18/47 | Admin Xavi je poceo spec nad igracom Somi_Martinez
25/10/2020 | 8/19/36 | Admin Fox_Yungkulovski je poceo spec nad igracom Matthew_Chevalievsky
25/10/2020 | 8/19/37 | Admin Xavi je poceo spec nad igracom Matthew_Chevalievsky
25/10/2020 | 8/31/51 | Admin Xavi je poceo spec nad igracom Somi_Martinez
25/10/2020 | 8/36/53 | Admin Xavi je poceo spec nad igracom Somi_Martinez
25/10/2020 | 8/38/49 | Admin Xavi je poceo spec nad igracom Ajdin_Cappone
25/10/2020 | 9/8/57 | Admin Xavi je poceo spec nad igracom Roma_Diaz
25/10/2020 | 9/9/31 | Admin jasonR je poceo spec nad igracom Roma_Diaz
25/10/2020 | 9/9/37 | Admin jasonR je poceo spec nad igracom Roma_Diaz
25/10/2020 | 9/17/32 | Admin jasonR je poceo spec nad igracom Mile_Panika
25/10/2020 | 9/23/50 | Admin jasonR je poceo spec nad igracom Mile_Panika
25/10/2020 | 9/24/22 | Admin jasonR je poceo spec nad igracom Legacyz_Rouzz
25/10/2020 | 9/27/48 | Admin jasonR je poceo spec nad igracom Nikola_Vujanovic
25/10/2020 | 9/30/32 | Admin Xavi je poceo spec nad igracom Jovan_Sindjelic
25/10/2020 | 9/31/10 | Admin Xavi je poceo spec nad igracom Nikola_Vujanovic
25/10/2020 | 9/31/12 | Admin Gambino_Wild je poceo spec nad igracom Matthew_Chevalievsky
25/10/2020 | 9/31/14 | Admin Gambino_Wild je poceo spec nad igracom Nikola_Vujanovic
25/10/2020 | 9/31/19 | Admin Gambino_Wild je poceo spec nad igracom Nikola_Vujanovic
25/10/2020 | 9/40/39 | Admin Mekovski_Cappone je poceo spec nad igracom Ivan_Djurdjevicc
25/10/2020 | 9/40/42 | Admin Xavi je poceo spec nad igracom Ivan_Djurdjevicc
25/10/2020 | 9/41/3 | Admin Mekovski_Cappone je poceo spec nad igracom Ivan_Djurdjevicc
25/10/2020 | 9/41/16 | Admin Xavi je poceo spec nad igracom Roxy_Walker
25/10/2020 | 9/41/18 | Admin Xavi je poceo spec nad igracom Roxy_Walker
25/10/2020 | 9/41/27 | Admin Mekovski_Cappone je poceo spec nad igracom Fox_Syrpznk
25/10/2020 | 9/41/28 | Admin Xavi je poceo spec nad igracom Johny_Hernandez
25/10/2020 | 9/41/41 | Admin Xavi je poceo spec nad igracom Leon_Williams
25/10/2020 | 9/42/3 | Admin Xavi je poceo spec nad igracom Don_Korleone
25/10/2020 | 9/52/38 | Admin jasonR je poceo spec nad igracom Vedran_Cappone
25/10/2020 | 9/52/40 | Admin jasonR je poceo spec nad igracom Vedran_Cappone
25/10/2020 | 9/53/47 | Admin Xavi je poceo spec nad igracom Vedran_Cappone
25/10/2020 | 9/54/43 | Admin V01D je poceo spec nad igracom Staklenzi_Wright
25/10/2020 | 10/4/17 | Admin Mekovski_Cappone je poceo spec nad igracom Ivan_Djurdjevicc
25/10/2020 | 10/5/30 | Admin Carson_Wolf je poceo spec nad igracom Licko_Wright
25/10/2020 | 10/5/36 | Admin Carson_Wolf je poceo spec nad igracom Licko_Wright
25/10/2020 | 10/8/27 | Admin Carson_Wolf je poceo spec nad igracom Aleks_Toretto
25/10/2020 | 10/15/29 | Admin Xavi je poceo spec nad igracom Johny_Hernandez
25/10/2020 | 10/15/45 | Admin Ramox je poceo spec nad igracom Johny_Hernandez
25/10/2020 | 10/15/49 | Admin jasonR je poceo spec nad igracom Johny_Hernandez
25/10/2020 | 10/15/51 | Admin jasonR je poceo spec nad igracom Johny_Hernandez
25/10/2020 | 10/20/41 | Admin jasonR je poceo spec nad igracom Ilija_Sindjelic
25/10/2020 | 10/23/12 | Admin Ramox je poceo spec nad igracom Aleks_Toretto
25/10/2020 | 10/23/19 | Admin Ramox je poceo spec nad igracom dandaman
25/10/2020 | 10/23/30 | Admin Ramox je poceo spec nad igracom Andrija_Sindjelic
25/10/2020 | 10/23/41 | Admin Ramox je poceo spec nad igracom Shile_Wagger
25/10/2020 | 10/24/0 | Admin jasonR je poceo spec nad igracom Johny_Hernandez
25/10/2020 | 10/24/13 | Admin jasonR je poceo spec nad igracom Andrija_Sindjelic
25/10/2020 | 10/35/8 | Admin Ramox je poceo spec nad igracom dandaman
25/10/2020 | 10/36/39 | Admin Xavi je poceo spec nad igracom Leon_Williams
25/10/2020 | 10/36/51 | Admin Xavi je poceo spec nad igracom Corona_Gethoven
25/10/2020 | 10/38/46 | Admin Xavi je poceo spec nad igracom Staklenzi_Wright
25/10/2020 | 10/39/7 | Admin jasonR je poceo spec nad igracom Staklenzi_Wright
25/10/2020 | 10/39/8 | Admin Ramox je poceo spec nad igracom Staklenzi_Wright
25/10/2020 | 10/39/35 | Admin Ramox je poceo spec nad igracom Tozla_Martinez
25/10/2020 | 10/40/37 | Admin Ramox je poceo spec nad igracom dandaman
25/10/2020 | 10/40/55 | Admin Xavi je poceo spec nad igracom Staklenzi_Devs
25/10/2020 | 10/40/59 | Admin Xavi je poceo spec nad igracom Staklenzi_Devs
25/10/2020 | 10/41/11 | Admin jasonR je poceo spec nad igracom Staklenzi_Devs
25/10/2020 | 10/41/16 | Admin jasonR je poceo spec nad igracom Staklenzi_Devs
25/10/2020 | 10/41/59 | Admin Ramox je poceo spec nad igracom Staklenzi_Devs
25/10/2020 | 10/43/13 | Admin Xavi je poceo spec nad igracom Staklenzi_Devs
25/10/2020 | 10/43/16 | Admin Xavi je poceo spec nad igracom Staklenzi_Devs
25/10/2020 | 10/43/17 | Admin Xavi je poceo spec nad igracom Staklenzi_Devs
25/10/2020 | 10/43/18 | Admin Xavi je poceo spec nad igracom Staklenzi_Devs
25/10/2020 | 10/43/21 | Admin Xavi je poceo spec nad igracom Staklenzi_Devs
25/10/2020 | 10/43/55 | Admin Ramox je poceo spec nad igracom Staklenzi_Devs
25/10/2020 | 10/48/21 | Admin Xavi je poceo spec nad igracom Michael_Wright
25/10/2020 | 10/49/58 | Admin Xavi je poceo spec nad igracom Michael_Wright
25/10/2020 | 10/51/14 | Admin Xavi je poceo spec nad igracom Michael_Wright
25/10/2020 | 10/58/30 | Admin Ramox je poceo spec nad igracom Adis_Pacowsky
25/10/2020 | 11/3/8 | Admin Ramox je poceo spec nad igracom Olxx_Pacowsky
25/10/2020 | 11/4/2 | Admin jasonR je poceo spec nad igracom Olxx_Pacowsky
25/10/2020 | 11/4/4 | Admin Xavi je poceo spec nad igracom Aldiin_Smith
25/10/2020 | 11/4/33 | Admin Ramox je poceo spec nad igracom Aljo_Diaz
25/10/2020 | 11/4/36 | Admin Xavi je poceo spec nad igracom Hasib_Pibee
25/10/2020 | 11/4/37 | Admin Sale je poceo spec nad igracom Hasib_Pibee
25/10/2020 | 11/6/12 | Admin Xavi je poceo spec nad igracom Olxx_Pacowsky
25/10/2020 | 11/7/11 | Admin V01D je poceo spec nad igracom Mile_Panika
25/10/2020 | 11/7/40 | Admin jasonR je poceo spec nad igracom Olxx_Pacowsky
25/10/2020 | 11/12/4 | Admin jasonR je poceo spec nad igracom Nikola_Vujanovic
25/10/2020 | 11/17/29 | Admin Fox_Yungkulovski je poceo spec nad igracom Mehmed_Sindjelic
25/10/2020 | 11/17/45 | Admin Fox_Yungkulovski je poceo spec nad igracom Tozla_Martinez
25/10/2020 | 11/20/12 | Admin funzy je poceo spec nad igracom Remi_Trb
25/10/2020 | 11/20/13 | Admin funzy je poceo spec nad igracom Remi_Trb
25/10/2020 | 11/21/38 | Admin Fox_Yungkulovski je poceo spec nad igracom Adis_Pacowsky
25/10/2020 | 11/24/58 | Admin jasonR je poceo spec nad igracom Olxx_Pacowsky
25/10/2020 | 11/25/13 | Admin jasonR je poceo spec nad igracom Olxx_Pacowsky
25/10/2020 | 11/26/9 | Admin Fox_Yungkulovski je poceo spec nad igracom Gragas_Cross
25/10/2020 | 11/28/39 | Admin Sale je poceo spec nad igracom Nikola_Vujanovic
25/10/2020 | 11/29/29 | Admin jasonR je poceo spec nad igracom Oggy_Pacowsky
25/10/2020 | 11/29/33 | Admin jasonR je poceo spec nad igracom Oggy_Pacowsky
25/10/2020 | 11/29/45 | Admin jasonR je poceo spec nad igracom Oggy_Pacowsky
25/10/2020 | 11/30/26 | Admin jasonR je poceo spec nad igracom Hasib_Pibee
25/10/2020 | 11/34/8 | Admin Mekovski_Cappone je poceo spec nad igracom Legacyz_Rouzz
25/10/2020 | 11/37/51 | Admin Fox_Yungkulovski je poceo spec nad igracom Sedox_Pacowsky
25/10/2020 | 11/40/18 | Admin Ramox je poceo spec nad igracom Leon_Williams
25/10/2020 | 11/40/23 | Admin Ramox je poceo spec nad igracom Leonardo_Zakhaev
25/10/2020 | 11/40/56 | Admin Mekovski_Cappone je poceo spec nad igracom Nikola_Vujanovic
25/10/2020 | 11/41/11 | Admin Ramox je poceo spec nad igracom Leon_Williams
25/10/2020 | 11/41/13 | Admin Ramox je poceo spec nad igracom Oggy_Pacowsky
25/10/2020 | 11/41/26 | Admin Ramox je poceo spec nad igracom Adis_Pacowsky
25/10/2020 | 11/41/34 | Admin Shile_Wagger je poceo spec nad igracom Vexy_Colbart
25/10/2020 | 11/42/11 | Admin Ramox je poceo spec nad igracom Sedox_Pacowsky
25/10/2020 | 11/42/12 | Admin Ramox je poceo spec nad igracom Sedox_Pacowsky
25/10/2020 | 11/44/25 | Admin Ramox je poceo spec nad igracom Leon_Williams
25/10/2020 | 11/44/29 | Admin Ramox je poceo spec nad igracom Leonardo_Zakhaev
25/10/2020 | 11/48/16 | Admin Sale je poceo spec nad igracom Vuk_Janosevic
25/10/2020 | 11/48/20 | Admin Sale je poceo spec nad igracom Vuk_Janosevic
25/10/2020 | 11/48/27 | Admin Sale je poceo spec nad igracom Hasib_Pibee
25/10/2020 | 11/49/36 | Admin funzy je poceo spec nad igracom Leon_Williams
25/10/2020 | 11/50/25 | Admin Shile_Wagger je poceo spec nad igracom Vexy_Colbart
25/10/2020 | 11/50/43 | Admin Shile_Wagger je poceo spec nad igracom Ilija_Sindjelic
25/10/2020 | 11/50/44 | Admin Shile_Wagger je poceo spec nad igracom Ilija_Sindjelic
25/10/2020 | 11/50/48 | Admin Shile_Wagger je poceo spec nad igracom Ilija_Sindjelic
25/10/2020 | 11/54/56 | Admin Shile_Wagger je poceo spec nad igracom Nemanja_Cekic
25/10/2020 | 11/54/58 | Admin Shile_Wagger je poceo spec nad igracom Nemanja_Cekic
25/10/2020 | 11/54/59 | Admin Shile_Wagger je poceo spec nad igracom Nemanja_Cekic
25/10/2020 | 11/55/0 | Admin Shile_Wagger je poceo spec nad igracom Nemanja_Cekic
25/10/2020 | 11/56/31 | Admin Shile_Wagger je poceo spec nad igracom Vexy_Colbart
25/10/2020 | 11/57/36 | Admin Shile_Wagger je poceo spec nad igracom Nemanja_Cekic
25/10/2020 | 11/57/38 | Admin Shile_Wagger je poceo spec nad igracom Nemanja_Cekic
25/10/2020 | 11/57/39 | Admin Shile_Wagger je poceo spec nad igracom Nemanja_Cekic
25/10/2020 | 12/6/15 | Admin V01D je poceo spec nad igracom Leonardo_Zakhaev
25/10/2020 | 12/6/17 | Admin V01D je poceo spec nad igracom Leonardo_Zakhaev
25/10/2020 | 12/7/48 | Admin V01D je poceo spec nad igracom Hasib_Pibee
25/10/2020 | 12/12/10 | Admin Mateja_Brown je poceo spec nad igracom Aleks_Toretto
25/10/2020 | 12/12/46 | Admin Mateja_Brown je poceo spec nad igracom Nemanja_Cekic
25/10/2020 | 12/12/52 | Admin Mateja_Brown je poceo spec nad igracom Nemanja_Cekic
25/10/2020 | 12/13/27 | Admin Mateja_Brown je poceo spec nad igracom Marko_Smolovic
25/10/2020 | 12/15/9 | Admin Lisa_Ann je poceo spec nad igracom dandaman
25/10/2020 | 12/15/9 | Admin Lisa_Ann je poceo spec nad igracom dandaman
25/10/2020 | 12/15/10 | Admin Lisa_Ann je poceo spec nad igracom dandaman
25/10/2020 | 12/15/10 | Admin Lisa_Ann je poceo spec nad igracom dandaman
25/10/2020 | 12/15/11 | Admin Lisa_Ann je poceo spec nad igracom dandaman
25/10/2020 | 12/15/15 | Admin Lisa_Ann je poceo spec nad igracom Xavi
25/10/2020 | 12/15/15 | Admin Lisa_Ann je poceo spec nad igracom Xavi
25/10/2020 | 12/15/16 | Admin Lisa_Ann je poceo spec nad igracom Xavi
25/10/2020 | 12/15/16 | Admin Lisa_Ann je poceo spec nad igracom Xavi
25/10/2020 | 12/15/17 | Admin Lisa_Ann je poceo spec nad igracom Xavi
25/10/2020 | 12/15/20 | Admin Lisa_Ann je poceo spec nad igracom Yung_Kipe
25/10/2020 | 12/15/21 | Admin Lisa_Ann je poceo spec nad igracom Yung_Kipe
25/10/2020 | 12/15/21 | Admin Lisa_Ann je poceo spec nad igracom Yung_Kipe
25/10/2020 | 12/15/22 | Admin Lisa_Ann je poceo spec nad igracom Yung_Kipe
25/10/2020 | 12/15/22 | Admin Lisa_Ann je poceo spec nad igracom Yung_Kipe
25/10/2020 | 12/15/23 | Admin Lisa_Ann je poceo spec nad igracom Yung_Kipe
25/10/2020 | 12/15/23 | Admin Lisa_Ann je poceo spec nad igracom Yung_Kipe
25/10/2020 | 12/15/24 | Admin Lisa_Ann je poceo spec nad igracom Yung_Kipe
25/10/2020 | 12/15/47 | Admin Lisa_Ann je poceo spec nad igracom Jovan_Sindjelic
25/10/2020 | 12/15/47 | Admin Lisa_Ann je poceo spec nad igracom Jovan_Sindjelic
25/10/2020 | 12/15/48 | Admin Lisa_Ann je poceo spec nad igracom Jovan_Sindjelic
25/10/2020 | 12/15/49 | Admin Lisa_Ann je poceo spec nad igracom Jovan_Sindjelic
25/10/2020 | 12/15/49 | Admin Lisa_Ann je poceo spec nad igracom Jovan_Sindjelic
25/10/2020 | 12/15/50 | Admin Lisa_Ann je poceo spec nad igracom Jovan_Sindjelic
25/10/2020 | 12/15/50 | Admin Lisa_Ann je poceo spec nad igracom Jovan_Sindjelic
25/10/2020 | 12/27/29 | Admin Mateja_Brown je poceo spec nad igracom Leonardo_Zakhaev
25/10/2020 | 12/29/6 | Admin Mateja_Brown je poceo spec nad igracom Sedox_Pacowsky
25/10/2020 | 12/30/33 | Admin Lisa_Ann je poceo spec nad igracom Sedox_Pacowsky
25/10/2020 | 12/30/34 | Admin Lisa_Ann je poceo spec nad igracom Sedox_Pacowsky
25/10/2020 | 12/30/34 | Admin Lisa_Ann je poceo spec nad igracom Sedox_Pacowsky
25/10/2020 | 12/30/35 | Admin Lisa_Ann je poceo spec nad igracom Sedox_Pacowsky
25/10/2020 | 12/30/35 | Admin Lisa_Ann je poceo spec nad igracom Sedox_Pacowsky
25/10/2020 | 12/30/35 | Admin Lisa_Ann je poceo spec nad igracom Sedox_Pacowsky
25/10/2020 | 12/30/36 | Admin Lisa_Ann je poceo spec nad igracom Sedox_Pacowsky
25/10/2020 | 12/30/36 | Admin Lisa_Ann je poceo spec nad igracom Sedox_Pacowsky
25/10/2020 | 12/30/36 | Admin Lisa_Ann je poceo spec nad igracom Sedox_Pacowsky
25/10/2020 | 12/30/37 | Admin Lisa_Ann je poceo spec nad igracom Sedox_Pacowsky
25/10/2020 | 12/30/37 | Admin Lisa_Ann je poceo spec nad igracom Sedox_Pacowsky
25/10/2020 | 12/31/57 | Admin Mateja_Brown je poceo spec nad igracom Snoop_Dogg
25/10/2020 | 12/33/10 | Admin Mateja_Brown je poceo spec nad igracom Leonardo_Zakhaev
25/10/2020 | 12/34/39 | Admin Lisa_Ann je poceo spec nad igracom Anes_Wright
25/10/2020 | 12/34/39 | Admin Lisa_Ann je poceo spec nad igracom Anes_Wright
25/10/2020 | 12/34/40 | Admin Lisa_Ann je poceo spec nad igracom Anes_Wright
25/10/2020 | 12/34/40 | Admin Lisa_Ann je poceo spec nad igracom Anes_Wright
25/10/2020 | 12/34/41 | Admin Lisa_Ann je poceo spec nad igracom Anes_Wright
25/10/2020 | 12/34/41 | Admin Lisa_Ann je poceo spec nad igracom Anes_Wright
25/10/2020 | 12/34/58 | Admin Mateja_Brown je poceo spec nad igracom Hasib_Pibee
25/10/2020 | 12/35/54 | Admin Mateja_Brown je poceo spec nad igracom Sedox_Pacowsky
25/10/2020 | 12/36/26 | Admin Mateja_Brown je poceo spec nad igracom Michael_Bukvica
25/10/2020 | 12/36/34 | Admin Mateja_Brown je poceo spec nad igracom Sedox_Pacowsky
25/10/2020 | 12/38/35 | Admin Mateja_Brown je poceo spec nad igracom Sedox_Pacowsky
25/10/2020 | 12/38/39 | Admin Carson_Wolf je poceo spec nad igracom Sedox_Pacowsky
25/10/2020 | 12/38/43 | Admin Xavi je poceo spec nad igracom Sedox_Pacowsky
25/10/2020 | 12/39/11 | Admin Xavi je poceo spec nad igracom Olxx_Pacowsky
25/10/2020 | 12/40/38 | Admin Xavi je poceo spec nad igracom Sedox_Pacowsky
25/10/2020 | 12/41/44 | Admin Twistzz_Sarrabuzzi je poceo spec nad igracom Aleks_Toretto
25/10/2020 | 12/43/47 | Admin Ramox je poceo spec nad igracom Emox_Pacowsky
25/10/2020 | 12/44/45 | Admin Ramox je poceo spec nad igracom Oggy_Pacowsky
25/10/2020 | 12/45/38 | Admin Xavi je poceo spec nad igracom Sedox_Pacowsky
25/10/2020 | 12/47/41 | Admin V01D je poceo spec nad igracom Oggy_Pacowsky
25/10/2020 | 12/47/44 | Admin Xavi je poceo spec nad igracom Oggy_Pacowsky
25/10/2020 | 12/47/57 | Admin Ramox je poceo spec nad igracom Oggy_Pacowsky
