26/4/2020 | 20/36/0 | Admin V01D je postavio posao 0 igracu V01D.
9/5/2020 | 8/16/36 | Admin V01D je postavio posao 0 igracu V01D.
22/9/2020 | 13/52/47 | Admin Void_Darlinggg je postavio level 20 igracu Void_Darlinggg.
30/9/2020 | 10/38/53 | Admin V01D je postavio posao 0 igracu V01D.
22/10/2020 | 13/48/43 | Admin V01D je postavio level 5 igracu Mikri_Maus.
22/10/2020 | 15/28/41 | Admin Xavi je postavio level 9999 igracu Carson.
22/10/2020 | 15/28/49 | Admin Xavi je postavio level 10 igracu Carson.
22/10/2020 | 15/28/54 | Admin Xavi je postavio level 10 igracu Xavi.
22/10/2020 | 15/28/57 | Admin Xavi je postavio level 10 igracu ramoxshaolin.
22/10/2020 | 16/3/24 | Admin Miami_Brown je postavio level 10 igracu Miami_Brown.
22/10/2020 | 18/1/5 | Admin Xavi je postavio level 5 igracu Vedran_Cappone.
22/10/2020 | 18/2/57 | Admin tkd je postavio level 10 igracu Vedran_Cappone.
22/10/2020 | 18/3/2 | Admin tkd je postavio level 10 igracu tkd.
22/10/2020 | 19/39/42 | Admin Zift je postavio level 5 igracu Zift.
22/10/2020 | 20/21/7 | Admin Fredy_Wiliams je postavio level 10 igracu Fredy_Wiliams.
22/10/2020 | 20/44/3 | Admin Fredy_Wiliams je postavio level 4 igracu Twistzz_Sarrabuzzi.
22/10/2020 | 20/44/7 | Admin Fredy_Wiliams je postavio level 1 igracu Twistzz_Sarrabuzzi.
22/10/2020 | 20/44/16 | Admin Fredy_Wiliams je postavio level 10 igracu Twistzz_Sarrabuzzi.
22/10/2020 | 20/44/20 | Admin Fredy_Wiliams je postavio level 5 igracu Twistzz_Sarrabuzzi.
22/10/2020 | 20/47/13 | Admin Fredy_Wiliams je postavio level 5 igracu Muhamed_Alispahic.
23/10/2020 | 13/44/7 | Admin Mateja_Brown je postavio respekte na 5 igracu Mateja_Brown.
23/10/2020 | 13/44/11 | Admin Mateja_Brown je postavio respekte na 10 igracu Mateja_Brown.
23/10/2020 | 13/44/21 | Admin Mateja_Brown je postavio respekte na 24 igracu Mateja_Brown.
23/10/2020 | 14/16/5 | Admin Ramox_Shaolin je postavio level 2 igracu Shile_Wagger.
23/10/2020 | 14/16/58 | Admin Ramox_Shaolin je postavio level 2 igracu Ramox_Shaolin.
23/10/2020 | 14/17/15 | Admin Ramox_Shaolin je postavio level 3 igracu Ramox_Shaolin.
23/10/2020 | 14/17/26 | Admin Ramox_Shaolin je postavio level 3 igracu Shile_Wagger.
23/10/2020 | 14/52/48 | Admin Ramox_Shaolin je postavio level 3 igracu Sasa_Ilic.
23/10/2020 | 15/13/4 | Admin Ramox_Shaolin je postavio level 5 igracu Sasa_Ilic.
23/10/2020 | 18/18/48 | 
23/10/2020 | 18/18/58 | Admin Shile_Wagger je postavio level 3 igracu Shile_Wagger.
23/10/2020 | 19/18/45 | 
23/10/2020 | 19/18/53 | Admin Mateja_Brown je postavio kljuc vozila1 na 1 igracu Mateja_Brown.
23/10/2020 | 20/53/21 | Admin Ramox_Shaolin je postavio level 5 igracu Adis_Abeba.
23/10/2020 | 20/53/28 | Admin Ramox_Shaolin je postavio level 5 igracu Damir_Malka.
23/10/2020 | 20/53/37 | Admin Ramox_Shaolin je postavio level 5 igracu Christian_Grey.
23/10/2020 | 20/59/30 | Admin Lazojka_Donn je postavio level 5 igracu Lazojka_Donn.
23/10/2020 | 21/4/43 | Admin Ramox_Shaolin je postavio posao 0 igracu Christian_Grey.
23/10/2020 | 21/4/48 | Admin Ramox_Shaolin je postavio posao 0 igracu Lazojka_Donn.
23/10/2020 | 21/4/51 | Admin Ramox_Shaolin je postavio posao 0 igracu Damir_Malka.
23/10/2020 | 21/4/54 | Admin Ramox_Shaolin je postavio posao 0 igracu Adis_Abeba.
24/10/2020 | 0/10/0 | Admin Fredy_Wiliams je postavio level 999 igracu Fredy_Wiliams.
24/10/2020 | 1/32/50 | Admin El_Profesor je postavio level 6 igracu El_Profesor.
24/10/2020 | 8/42/4 | Admin Xavi je postavio level 5 igracu Bandula_Ballano.
24/10/2020 | 8/43/31 | Admin Xavi je postavio level 5 igracu Moskri.
24/10/2020 | 11/29/27 | 
24/10/2020 | 11/29/28 | Admin Xavi je postavio poziciju gradonacelnika igracu Xavi.
24/10/2020 | 11/29/50 | Admin Xavi je skinuo poziciju gradonacelnika igracu Xavi.
24/10/2020 | 14/27/29 | Admin Ramox_Shaolin je postavio level 5 igracu Stefke_Boss.
24/10/2020 | 14/30/32 | Admin Ramox_Shaolin je postavio level 999 igracu Ramox_Shaolin.
24/10/2020 | 15/3/40 | Admin Lisa_Ann je postavio level 69 igracu Lisa_Ann.
24/10/2020 | 15/4/14 | Admin Lisa_Ann je postavio muski pol igracu Lisa_Ann.
24/10/2020 | 15/4/16 | Admin Lisa_Ann je postavio zenski pol igracu Lisa_Ann.
24/10/2020 | 18/31/41 | Admin Funzy_Trb je postavio posao 1 igracu Funzy_Trb.
24/10/2020 | 18/31/50 | Admin Funzy_Trb je postavio posao 2 igracu Funzy_Trb.
24/10/2020 | 18/31/53 | Admin Funzy_Trb je postavio posao 3 igracu Funzy_Trb.
24/10/2020 | 18/31/58 | Admin Funzy_Trb je postavio posao 4 igracu Funzy_Trb.
24/10/2020 | 18/32/2 | Admin Funzy_Trb je postavio posao 5 igracu Funzy_Trb.
24/10/2020 | 18/32/5 | Admin Funzy_Trb je postavio posao 6 igracu Funzy_Trb.
24/10/2020 | 18/32/10 | Admin Funzy_Trb je postavio posao 7 igracu Funzy_Trb.
24/10/2020 | 18/32/16 | Admin Funzy_Trb je postavio posao 8 igracu Funzy_Trb.
24/10/2020 | 18/32/20 | Admin Funzy_Trb je postavio posao 0 igracu Funzy_Trb.
24/10/2020 | 18/32/25 | Admin Funzy_Trb je postavio posao 9 igracu Funzy_Trb.
24/10/2020 | 18/32/29 | Admin Funzy_Trb je postavio posao 10 igracu Funzy_Trb.
24/10/2020 | 18/32/34 | Admin Funzy_Trb je postavio posao 11 igracu Funzy_Trb.
24/10/2020 | 18/32/38 | Admin Funzy_Trb je postavio posao 12 igracu Funzy_Trb.
24/10/2020 | 18/32/41 | Admin Funzy_Trb je postavio posao 13 igracu Funzy_Trb.
24/10/2020 | 18/32/43 | Admin Funzy_Trb je postavio posao 14 igracu Funzy_Trb.
24/10/2020 | 18/32/48 | Admin Funzy_Trb je postavio posao 14 igracu Funzy_Trb.
24/10/2020 | 19/44/16 | 
24/10/2020 | 19/44/27 | Admin Ramox_Shaolin je postavio posao 0 igracu Sedox_Pacowsky.
24/10/2020 | 20/12/7 | Admin Ramox_Shaolin je postavio posao 0 igracu Jason_Wright.
24/10/2020 | 20/12/10 | Admin Ramox_Shaolin je postavio posao 0 igracu Crystall_Nodev.
24/10/2020 | 21/49/1 | Admin Ramox je postavio posao 0 igracu Luka_Smith.
24/10/2020 | 22/48/28 | Admin Ramox je postavio posao 0 igracu Somi_Martinez.
25/10/2020 | 9/42/43 | Admin V01D je postavio posao 0 igracu Stefan_Benzin.
25/10/2020 | 10/9/51 | Admin Ramox je postavio posao 0 igracu Stefan_Benzin.
25/10/2020 | 10/15/12 | Admin Ramox je postavio posao 0 igracu Aldiin_Smith.
25/10/2020 | 10/18/24 | Admin Ramox je postavio posao 0 igracu Aldiin_Smith.
25/10/2020 | 10/27/4 | Admin Ramox je postavio posao 0 igracu Aldiin_Smith.
25/10/2020 | 10/27/22 | Admin Ramox je postavio posao 0 igracu dandaman.
25/10/2020 | 10/28/48 | Admin jasonR je postavio level 2 igracu jasonR.
25/10/2020 | 11/48/50 | Admin funzy je postavio posao 0 igracu Ahmed_Pacowsky.
25/10/2020 | 12/2/43 | Admin Ramox je postavio posao 0 igracu Adis_Pacowsky.
25/10/2020 | 12/2/46 | Admin Ramox je postavio posao 0 igracu Leonardo_Zakhaev.
25/10/2020 | 12/3/48 | 
25/10/2020 | 12/28/27 | Admin V01D je postavio posao 0 igracu V01D.
25/10/2020 | 12/47/39 | Admin Ramox je postavio level 5 igracu Adis_Pacowsky.
25/10/2020 | 12/47/46 | Admin Ramox je postavio level 2 igracu Adis_Pacowsky.
25/10/2020 | 12/57/12 | Admin Ramox je postavio level 5 igracu Ramox.
19/12/2021 | 23/24/18 | Admin V01D je postavio kljuc Bitcoin Workshopa na 2 igracu V01D.
